#! /usr/bin/vvp
:ivl_version "10.1 (stable)";
:ivl_delay_selection "TYPICAL";
:vpi_time_precision + 0;
:vpi_module "system";
:vpi_module "vhdl_sys";
:vpi_module "v2005_math";
:vpi_module "va_math";
S_0x55d180092a30 .scope module, "run" "run" 2 22;
 .timescale 0 0;
v0x55d1800b2360_0 .var "clk", 0 0;
v0x55d1800b2440 .array "commit", 7 0, 0 0;
v0x55d1800b2500_0 .var "head", 2 0;
v0x55d1800b25a0_0 .var/i "i0", 31 0;
v0x55d1800b2680_0 .var/i "i1", 31 0;
v0x55d1800b27b0_0 .var/i "i2", 31 0;
v0x55d1800b2890 .array "instruction_memory", 15 0, 15 0;
v0x55d1800b2950 .array "instruction_queue", 3 0, 15 0;
v0x55d1800b2a10_0 .var "instruction_queue_head", 1 0;
v0x55d1800b2af0_0 .var/i "instruction_queue_no_of_enteries", 31 0;
v0x55d1800b2bd0_0 .var "instruction_queue_tail", 1 0;
v0x55d1800b2cb0_0 .var "iq_f", 0 0;
v0x55d1800b2d70_0 .var/i "m", 31 0;
v0x55d1800b2e50_0 .var/i "n", 31 0;
v0x55d1800b2f30_0 .var "pc", 3 0;
v0x55d1800b3010 .array "reg_file", 15 0, 7 0;
v0x55d1800b30d0 .array "reg_rename", 15 0, 2 0;
v0x55d1800b3190 .array "reg_valid", 15 0, 0 0;
v0x55d1800b3230 .array "res1_dest", 3 0, 2 0;
v0x55d1800b32f0 .array "res1_execution_unit", 1 0, 0 0;
v0x55d1800b3390 .array "res1_free_entry", 3 0, 0 0;
v0x55d1800b3430_0 .var "res1_i0", 15 0;
v0x55d1800b3510_0 .var "res1_i1", 15 0;
v0x55d1800b35f0 .array "res1_instructions", 3 0, 15 0;
v0x55d1800b36b0 .array "res1_issued", 3 0, 0 0;
v0x55d1800b3750_0 .var/i "res1_no_of_enteries", 31 0;
v0x55d1800b3830 .array "res1_opcode", 3 0, 3 0;
v0x55d1800b38f0 .array "res1_ready", 3 0, 0 0;
v0x55d1800b3990 .array "res1_sr1", 3 0, 7 0;
v0x55d1800b3a50 .array "res1_sr1_ref_value", 3 0, 2 0;
v0x55d1800b3b10 .array "res1_sr1_refrence", 3 0, 0 0;
v0x55d1800b3bb0 .array "res1_sr2", 3 0, 7 0;
v0x55d1800b3c70 .array "res1_sr2_ref_value", 3 0, 2 0;
v0x55d1800b3d30 .array "res1_sr2_refrence", 3 0, 0 0;
v0x55d1800b3dd0_0 .var "res1_v0", 7 0;
v0x55d1800b3eb0_0 .var "res1_v0_received", 0 0;
v0x55d1800b3f70_0 .var "res1_v0_written", 0 0;
v0x55d1800b4030_0 .var "res1_v1", 7 0;
v0x55d1800b4110_0 .var "res1_v1_received", 0 0;
v0x55d1800b41d0_0 .var "res1_v1_written", 0 0;
v0x55d1800b4290 .array "res2_dest", 3 0, 2 0;
v0x55d1800b4350_0 .var "res2_execution_unit", 0 0;
v0x55d1800b4410 .array "res2_free_entry", 3 0, 0 0;
v0x55d1800b44b0_0 .var "res2_i", 15 0;
v0x55d1800b4590 .array "res2_instructions", 3 0, 15 0;
v0x55d1800b4650 .array "res2_issued", 3 0, 0 0;
v0x55d1800b46f0_0 .var/i "res2_no_of_enteries", 31 0;
v0x55d1800b47d0 .array "res2_opcode", 3 0, 3 0;
v0x55d1800b4890 .array "res2_ready", 3 0, 0 0;
v0x55d1800b4930 .array "res2_sr1", 3 0, 7 0;
v0x55d1800b49f0 .array "res2_sr1_ref_value", 3 0, 2 0;
v0x55d1800b4ab0 .array "res2_sr1_refrence", 3 0, 0 0;
v0x55d1800b4b50 .array "res2_sr2", 3 0, 7 0;
v0x55d1800b4c10 .array "res2_sr2_ref_value", 3 0, 2 0;
v0x55d1800b4cd0 .array "res2_sr2_refrence", 3 0, 0 0;
v0x55d1800b4d70_0 .var "res2_v", 7 0;
v0x55d1800b4e50_0 .var "res2_v_received", 0 0;
v0x55d1800b4f10_0 .var "res2_v_written", 0 0;
v0x55d1800b4fd0 .array "rob_dest_reg_feild", 7 0, 3 0;
v0x55d1800b5090 .array "rob_dest_reg_value", 7 0, 7 0;
v0x55d1800b5150 .array "rob_instruction_feild", 7 0, 15 0;
v0x55d1800b5210_0 .var/i "rob_no_of_enteries", 31 0;
v0x55d1800b52f0 .array "rob_opcode_feild", 7 0, 3 0;
v0x55d1800b53b0_0 .var "tail", 2 0;
v0x55d1800b5490 .array "v_des", 7 0, 0 0;
S_0x55d180092bb0 .scope module, "i" "issue" 2 112, 3 1 0, S_0x55d180092a30;
 .timescale 0 0;
S_0x55d180092d80 .scope module, "c" "commit" 3 6, 4 1 0, S_0x55d180092bb0;
 .timescale 0 0;
E_0x55d17ffae840 .event posedge, v0x55d1800b2360_0;
S_0x55d180092f50 .scope module, "d" "decode" 3 3, 3 39 0, S_0x55d180092bb0;
 .timescale 0 0;
v0x55d180074ce0_0 .var/i "i", 31 0;
v0x55d18007e620_0 .var/i "k", 31 0;
S_0x55d1800b1c60 .scope module, "e" "execute" 3 4, 5 1 0, S_0x55d180092bb0;
 .timescale 0 0;
v0x55d180088070_0 .var/i "i", 31 0;
v0x55d180028b20_0 .var/i "k", 31 0;
S_0x55d1800b1eb0 .scope module, "f" "fetch" 3 2, 3 11 0, S_0x55d180092bb0;
 .timescale 0 0;
S_0x55d1800b2080 .scope module, "wb" "write_back" 3 5, 6 1 0, S_0x55d180092bb0;
 .timescale 0 0;
v0x55d180064f70_0 .var/i "i", 31 0;
v0x55d18006ad70_0 .var/i "j", 31 0;
v0x55d180058cb0_0 .var/i "k", 31 0;
    .scope S_0x55d1800b1eb0;
T_0 ;
    %wait E_0x55d17ffae840;
    %delay 8, 0;
    %vpi_call 3 16 "$display", "FETCH STAGE : \012" {0 0 0};
    %load/vec4 v0x55d1800b2cb0_0;
    %nor/r;
    %flag_set/vec4 8;
    %jmp/0xz  T_0.0, 8;
    %load/vec4 v0x55d1800b2f30_0;
    %pad/u 6;
    %ix/vec4 4;
    %load/vec4a v0x55d1800b2890, 4;
    %load/vec4 v0x55d1800b2bd0_0;
    %pad/u 4;
    %ix/vec4 4;
    %store/vec4a v0x55d1800b2950, 4, 0;
    %vpi_call 3 20 "$display", "        PC : %h \012", v0x55d1800b2f30_0 {0 0 0};
    %load/vec4 v0x55d1800b2bd0_0;
    %pad/u 4;
    %ix/vec4 4;
    %load/vec4a v0x55d1800b2950, 4;
    %vpi_call 3 21 "$display", "        Fetched : %h \012", S<0,vec4,u16> {1 0 0};
    %load/vec4 v0x55d1800b2af0_0;
    %addi 1, 0, 32;
    %store/vec4 v0x55d1800b2af0_0, 0, 32;
    %vpi_call 3 23 "$display", "        Instruction queue\012" {0 0 0};
    %vpi_call 3 24 "$display", "        Size : %d ", v0x55d1800b2af0_0 {0 0 0};
    %load/vec4 v0x55d1800b2bd0_0;
    %addi 1, 0, 2;
    %store/vec4 v0x55d1800b2bd0_0, 0, 2;
    %vpi_call 3 26 "$display", "        Head : %h ", v0x55d1800b2a10_0 {0 0 0};
    %vpi_call 3 27 "$display", "        Tail : %h \012", v0x55d1800b2bd0_0 {0 0 0};
    %load/vec4 v0x55d1800b2af0_0;
    %cmpi/e 4, 0, 32;
    %jmp/0xz  T_0.2, 4;
    %pushi/vec4 1, 0, 1;
    %store/vec4 v0x55d1800b2cb0_0, 0, 1;
T_0.2 ;
    %load/vec4 v0x55d1800b2f30_0;
    %addi 1, 0, 4;
    %store/vec4 v0x55d1800b2f30_0, 0, 4;
    %jmp T_0.1;
T_0.0 ;
    %vpi_call 3 33 "$display", "        Stall , IQ : Full , Next PC = %b \012", v0x55d1800b2f30_0 {0 0 0};
T_0.1 ;
    %jmp T_0;
    .thread T_0;
    .scope S_0x55d180092f50;
T_1 ;
    %wait E_0x55d17ffae840;
    %delay 7, 0;
    %vpi_call 3 47 "$display", "DECODE STAGE : \012" {0 0 0};
    %load/vec4 v0x55d1800b2af0_0;
    %pushi/vec4 0, 0, 32;
    %cmp/e;
    %flag_get/vec4 4;
    %inv;
    %load/vec4 v0x55d1800b5210_0;
    %cmpi/s 8, 0, 32;
    %flag_get/vec4 5;
    %and;
    %flag_set/vec4 8;
    %jmp/0xz  T_1.0, 8;
    %load/vec4 v0x55d1800b2a10_0;
    %pad/u 4;
    %ix/vec4 4;
    %load/vec4a v0x55d1800b2950, 4;
    %parti/s 4, 12, 5;
    %dup/vec4;
    %pushi/vec4 0, 0, 4;
    %cmp/u;
    %jmp/1 T_1.2, 6;
    %dup/vec4;
    %pushi/vec4 1, 0, 4;
    %cmp/u;
    %jmp/1 T_1.3, 6;
    %dup/vec4;
    %pushi/vec4 2, 0, 4;
    %cmp/u;
    %jmp/1 T_1.4, 6;
    %dup/vec4;
    %pushi/vec4 3, 0, 4;
    %cmp/u;
    %jmp/1 T_1.5, 6;
    %load/vec4 v0x55d1800b2a10_0;
    %pad/u 4;
    %ix/vec4 4;
    %load/vec4a v0x55d1800b2950, 4;
    %parti/s 4, 12, 5;
    %vpi_call 3 272 "$display", "        Unvalid Opcode %h\012", S<0,vec4,u4> {1 0 0};
    %jmp T_1.7;
T_1.2 ;
    %load/vec4 v0x55d1800b3750_0;
    %cmpi/s 4, 0, 32;
    %jmp/0xz  T_1.8, 5;
    %load/vec4 v0x55d1800b2a10_0;
    %pad/u 4;
    %ix/vec4 4;
    %load/vec4a v0x55d1800b2950, 4;
    %vpi_call 3 60 "$display", "        Decoded : %h , Location : RS1 \012", S<0,vec4,u16> {1 0 0};
    %vpi_call 3 61 "$display", "        R0B  \012" {0 0 0};
    %vpi_call 3 62 "$display", "        1.ROB Head : %h", v0x55d1800b2500_0 {0 0 0};
    %vpi_call 3 63 "$display", "        2.R0B Tail : %h", v0x55d1800b53b0_0 {0 0 0};
    %load/vec4 v0x55d1800b2a10_0;
    %pad/u 4;
    %ix/vec4 4;
    %load/vec4a v0x55d1800b2950, 4;
    %load/vec4 v0x55d1800b53b0_0;
    %pad/u 5;
    %ix/vec4 4;
    %store/vec4a v0x55d1800b5150, 4, 0;
    %load/vec4 v0x55d1800b2a10_0;
    %pad/u 4;
    %ix/vec4 4;
    %load/vec4a v0x55d1800b2950, 4;
    %parti/s 4, 12, 5;
    %load/vec4 v0x55d1800b53b0_0;
    %pad/u 5;
    %ix/vec4 4;
    %store/vec4a v0x55d1800b52f0, 4, 0;
    %load/vec4 v0x55d1800b53b0_0;
    %pad/u 5;
    %ix/vec4 4;
    %load/vec4a v0x55d1800b52f0, 4;
    %vpi_call 3 68 "$display", "        3.Opcode : %h", S<0,vec4,u4> {1 0 0};
    %load/vec4 v0x55d1800b2a10_0;
    %pad/u 4;
    %ix/vec4 4;
    %load/vec4a v0x55d1800b2950, 4;
    %parti/s 4, 8, 5;
    %load/vec4 v0x55d1800b53b0_0;
    %pad/u 5;
    %ix/vec4 4;
    %store/vec4a v0x55d1800b4fd0, 4, 0;
    %load/vec4 v0x55d1800b53b0_0;
    %pad/u 5;
    %ix/vec4 4;
    %load/vec4a v0x55d1800b4fd0, 4;
    %vpi_call 3 71 "$display", "        4.Destination Register : %h", S<0,vec4,u4> {1 0 0};
    %pushi/vec4 0, 0, 1;
    %load/vec4 v0x55d1800b53b0_0;
    %pad/u 5;
    %ix/vec4 4;
    %store/vec4a v0x55d1800b5490, 4, 0;
    %load/vec4 v0x55d1800b53b0_0;
    %pad/u 5;
    %ix/vec4 4;
    %load/vec4a v0x55d1800b5490, 4;
    %vpi_call 3 74 "$display", "        5.Valid value : %d", S<0,vec4,u1> {1 0 0};
    %pushi/vec4 0, 0, 1;
    %load/vec4 v0x55d1800b53b0_0;
    %pad/u 5;
    %ix/vec4 4;
    %store/vec4a v0x55d1800b2440, 4, 0;
    %load/vec4 v0x55d1800b53b0_0;
    %pad/u 5;
    %ix/vec4 4;
    %load/vec4a v0x55d1800b2440, 4;
    %vpi_call 3 77 "$display", "        6.Committed : %d", S<0,vec4,u1> {1 0 0};
    %load/vec4 v0x55d1800b5210_0;
    %addi 1, 0, 32;
    %store/vec4 v0x55d1800b5210_0, 0, 32;
    %vpi_call 3 80 "$display", "        7.Rob Size \012: %d", v0x55d1800b5210_0 {0 0 0};
    %vpi_call 3 83 "$display", "        Reservation Station 1 \012" {0 0 0};
    %pushi/vec4 0, 0, 32;
    %store/vec4 v0x55d180074ce0_0, 0, 32;
T_1.10 ;
    %load/vec4 v0x55d180074ce0_0;
    %cmpi/s 4, 0, 32;
    %jmp/0xz T_1.11, 5;
    %ix/getv/s 4, v0x55d180074ce0_0;
    %load/vec4a v0x55d1800b3390, 4;
    %cmpi/e 1, 0, 1;
    %jmp/0xz  T_1.12, 4;
    %load/vec4 v0x55d180074ce0_0;
    %store/vec4 v0x55d18007e620_0, 0, 32;
    %pushi/vec4 0, 0, 1;
    %ix/getv/s 4, v0x55d18007e620_0;
    %store/vec4a v0x55d1800b3390, 4, 0;
    %vpi_call 3 91 "$display", "         1.Index : %d", v0x55d18007e620_0 {0 0 0};
    %load/vec4 v0x55d1800b3750_0;
    %addi 1, 0, 32;
    %store/vec4 v0x55d1800b3750_0, 0, 32;
    %vpi_call 3 94 "$display", "         2.Size : %d", v0x55d1800b3750_0 {0 0 0};
    %pushi/vec4 4, 0, 32;
    %store/vec4 v0x55d180074ce0_0, 0, 32;
    %jmp T_1.13;
T_1.12 ;
    %load/vec4 v0x55d180074ce0_0;
    %addi 1, 0, 32;
    %store/vec4 v0x55d180074ce0_0, 0, 32;
T_1.13 ;
    %jmp T_1.10;
T_1.11 ;
    %load/vec4 v0x55d1800b2a10_0;
    %pad/u 4;
    %ix/vec4 4;
    %load/vec4a v0x55d1800b2950, 4;
    %ix/getv/s 4, v0x55d18007e620_0;
    %store/vec4a v0x55d1800b35f0, 4, 0;
    %load/vec4 v0x55d1800b2a10_0;
    %pad/u 4;
    %ix/vec4 4;
    %load/vec4a v0x55d1800b2950, 4;
    %parti/s 4, 12, 5;
    %ix/getv/s 4, v0x55d18007e620_0;
    %store/vec4a v0x55d1800b3830, 4, 0;
    %vpi_call 3 102 "$display", "         3.Opcode : %h", &A<v0x55d1800b3830, v0x55d18007e620_0 > {0 0 0};
    %pushi/vec4 0, 0, 1;
    %ix/getv/s 4, v0x55d18007e620_0;
    %store/vec4a v0x55d1800b38f0, 4, 0;
    %load/vec4 v0x55d1800b2a10_0;
    %pad/u 4;
    %ix/vec4 5;
    %load/vec4a v0x55d1800b2950, 5;
    %parti/s 4, 4, 4;
    %pad/u 6;
    %ix/vec4 4;
    %load/vec4a v0x55d1800b3190, 4;
    %nor/r;
    %flag_set/vec4 8;
    %jmp/0xz  T_1.14, 8;
    %pushi/vec4 0, 0, 1;
    %ix/getv/s 4, v0x55d18007e620_0;
    %store/vec4a v0x55d1800b3b10, 4, 0;
    %load/vec4 v0x55d1800b2a10_0;
    %pad/u 4;
    %ix/vec4 5;
    %load/vec4a v0x55d1800b2950, 5;
    %parti/s 4, 4, 4;
    %pad/u 6;
    %ix/vec4 4;
    %load/vec4a v0x55d1800b30d0, 4;
    %ix/getv/s 4, v0x55d18007e620_0;
    %store/vec4a v0x55d1800b3a50, 4, 0;
    %vpi_call 3 110 "$display", "         4.Rs1 : Rob [%h] ", &A<v0x55d1800b3a50, v0x55d18007e620_0 > {0 0 0};
    %jmp T_1.15;
T_1.14 ;
    %pushi/vec4 1, 0, 1;
    %ix/getv/s 4, v0x55d18007e620_0;
    %store/vec4a v0x55d1800b3b10, 4, 0;
    %load/vec4 v0x55d1800b2a10_0;
    %pad/u 4;
    %ix/vec4 5;
    %load/vec4a v0x55d1800b2950, 5;
    %parti/s 4, 4, 4;
    %pad/u 6;
    %ix/vec4 4;
    %load/vec4a v0x55d1800b3010, 4;
    %ix/getv/s 4, v0x55d18007e620_0;
    %store/vec4a v0x55d1800b3990, 4, 0;
    %load/vec4 v0x55d1800b2a10_0;
    %pad/u 4;
    %ix/vec4 4;
    %load/vec4a v0x55d1800b2950, 4;
    %parti/s 4, 4, 4;
    %vpi_call 3 117 "$display", "         5.Rs1 : R[%h] ", S<0,vec4,u4> {1 0 0};
T_1.15 ;
    %load/vec4 v0x55d1800b2a10_0;
    %pad/u 4;
    %ix/vec4 5;
    %load/vec4a v0x55d1800b2950, 5;
    %parti/s 4, 0, 2;
    %pad/u 6;
    %ix/vec4 4;
    %load/vec4a v0x55d1800b3190, 4;
    %nor/r;
    %flag_set/vec4 8;
    %jmp/0xz  T_1.16, 8;
    %pushi/vec4 0, 0, 1;
    %ix/getv/s 4, v0x55d18007e620_0;
    %store/vec4a v0x55d1800b3d30, 4, 0;
    %load/vec4 v0x55d1800b2a10_0;
    %pad/u 4;
    %ix/vec4 5;
    %load/vec4a v0x55d1800b2950, 5;
    %parti/s 4, 0, 2;
    %pad/u 6;
    %ix/vec4 4;
    %load/vec4a v0x55d1800b30d0, 4;
    %ix/getv/s 4, v0x55d18007e620_0;
    %store/vec4a v0x55d1800b3c70, 4, 0;
    %vpi_call 3 125 "$display", "         6.Rs2 : Rob [%h] ", &A<v0x55d1800b3c70, v0x55d18007e620_0 > {0 0 0};
    %jmp T_1.17;
T_1.16 ;
    %pushi/vec4 1, 0, 1;
    %ix/getv/s 4, v0x55d18007e620_0;
    %store/vec4a v0x55d1800b3d30, 4, 0;
    %load/vec4 v0x55d1800b2a10_0;
    %pad/u 4;
    %ix/vec4 5;
    %load/vec4a v0x55d1800b2950, 5;
    %parti/s 4, 0, 2;
    %pad/u 6;
    %ix/vec4 4;
    %load/vec4a v0x55d1800b3010, 4;
    %ix/getv/s 4, v0x55d18007e620_0;
    %store/vec4a v0x55d1800b3bb0, 4, 0;
    %load/vec4 v0x55d1800b2a10_0;
    %pad/u 4;
    %ix/vec4 4;
    %load/vec4a v0x55d1800b2950, 4;
    %parti/s 4, 0, 2;
    %vpi_call 3 132 "$display", "         7.Rs2 : R[%h] ", S<0,vec4,u4> {1 0 0};
T_1.17 ;
    %load/vec4 v0x55d1800b53b0_0;
    %ix/getv/s 4, v0x55d18007e620_0;
    %store/vec4a v0x55d1800b3230, 4, 0;
    %vpi_call 3 136 "$display", "         8.Rd : Rob [%h] ", &A<v0x55d1800b3230, v0x55d18007e620_0 > {0 0 0};
    %load/vec4 v0x55d1800b53b0_0;
    %load/vec4 v0x55d1800b2a10_0;
    %pad/u 4;
    %ix/vec4 5;
    %load/vec4a v0x55d1800b2950, 5;
    %parti/s 4, 8, 5;
    %pad/u 6;
    %ix/vec4 4;
    %store/vec4a v0x55d1800b30d0, 4, 0;
    %pushi/vec4 0, 0, 1;
    %load/vec4 v0x55d1800b2a10_0;
    %pad/u 4;
    %ix/vec4 5;
    %load/vec4a v0x55d1800b2950, 5;
    %parti/s 4, 8, 5;
    %pad/u 6;
    %ix/vec4 4;
    %store/vec4a v0x55d1800b3190, 4, 0;
    %load/vec4 v0x55d1800b53b0_0;
    %addi 1, 0, 3;
    %store/vec4 v0x55d1800b53b0_0, 0, 3;
    %ix/getv/s 4, v0x55d18007e620_0;
    %load/vec4a v0x55d1800b3b10, 4;
    %pushi/vec4 1, 0, 1;
    %cmp/e;
    %flag_get/vec4 4;
    %ix/getv/s 4, v0x55d18007e620_0;
    %load/vec4a v0x55d1800b3d30, 4;
    %pushi/vec4 1, 0, 1;
    %cmp/e;
    %flag_get/vec4 4;
    %and;
    %ix/getv/s 4, v0x55d18007e620_0;
    %load/vec4a v0x55d1800b3390, 4;
    %pushi/vec4 0, 0, 1;
    %cmp/e;
    %flag_get/vec4 4;
    %and;
    %flag_set/vec4 8;
    %jmp/0xz  T_1.18, 8;
    %pushi/vec4 1, 0, 1;
    %ix/getv/s 4, v0x55d18007e620_0;
    %store/vec4a v0x55d1800b38f0, 4, 0;
    %jmp T_1.19;
T_1.18 ;
    %pushi/vec4 0, 0, 1;
    %ix/getv/s 4, v0x55d18007e620_0;
    %store/vec4a v0x55d1800b38f0, 4, 0;
T_1.19 ;
    %vpi_call 3 150 "$display", "         9.Ready : %h ", &A<v0x55d1800b38f0, v0x55d18007e620_0 > {0 0 0};
    %pushi/vec4 0, 0, 1;
    %ix/getv/s 4, v0x55d18007e620_0;
    %store/vec4a v0x55d1800b36b0, 4, 0;
    %vpi_call 3 153 "$display", "         10.Issued : %h \012", &A<v0x55d1800b36b0, v0x55d18007e620_0 > {0 0 0};
    %load/vec4 v0x55d1800b2a10_0;
    %addi 1, 0, 2;
    %store/vec4 v0x55d1800b2a10_0, 0, 2;
    %load/vec4 v0x55d1800b2af0_0;
    %subi 1, 0, 32;
    %store/vec4 v0x55d1800b2af0_0, 0, 32;
    %jmp T_1.9;
T_1.8 ;
    %vpi_call 3 160 "$display", "        Stall , RS1 : Full\012" {0 0 0};
T_1.9 ;
    %jmp T_1.7;
T_1.3 ;
    %load/vec4 v0x55d1800b3750_0;
    %cmpi/s 4, 0, 32;
    %jmp/0xz  T_1.20, 5;
    %load/vec4 v0x55d1800b2a10_0;
    %pad/u 4;
    %ix/vec4 4;
    %load/vec4a v0x55d1800b2950, 4;
    %vpi_call 3 60 "$display", "        Decoded : %h , Location : RS1 \012", S<0,vec4,u16> {1 0 0};
    %vpi_call 3 61 "$display", "        R0B  \012" {0 0 0};
    %vpi_call 3 62 "$display", "        1.ROB Head : %h", v0x55d1800b2500_0 {0 0 0};
    %vpi_call 3 63 "$display", "        2.R0B Tail : %h", v0x55d1800b53b0_0 {0 0 0};
    %load/vec4 v0x55d1800b2a10_0;
    %pad/u 4;
    %ix/vec4 4;
    %load/vec4a v0x55d1800b2950, 4;
    %load/vec4 v0x55d1800b53b0_0;
    %pad/u 5;
    %ix/vec4 4;
    %store/vec4a v0x55d1800b5150, 4, 0;
    %load/vec4 v0x55d1800b2a10_0;
    %pad/u 4;
    %ix/vec4 4;
    %load/vec4a v0x55d1800b2950, 4;
    %parti/s 4, 12, 5;
    %load/vec4 v0x55d1800b53b0_0;
    %pad/u 5;
    %ix/vec4 4;
    %store/vec4a v0x55d1800b52f0, 4, 0;
    %load/vec4 v0x55d1800b53b0_0;
    %pad/u 5;
    %ix/vec4 4;
    %load/vec4a v0x55d1800b52f0, 4;
    %vpi_call 3 68 "$display", "        3.Opcode : %h", S<0,vec4,u4> {1 0 0};
    %load/vec4 v0x55d1800b2a10_0;
    %pad/u 4;
    %ix/vec4 4;
    %load/vec4a v0x55d1800b2950, 4;
    %parti/s 4, 8, 5;
    %load/vec4 v0x55d1800b53b0_0;
    %pad/u 5;
    %ix/vec4 4;
    %store/vec4a v0x55d1800b4fd0, 4, 0;
    %load/vec4 v0x55d1800b53b0_0;
    %pad/u 5;
    %ix/vec4 4;
    %load/vec4a v0x55d1800b4fd0, 4;
    %vpi_call 3 71 "$display", "        4.Destination Register : %h", S<0,vec4,u4> {1 0 0};
    %pushi/vec4 0, 0, 1;
    %load/vec4 v0x55d1800b53b0_0;
    %pad/u 5;
    %ix/vec4 4;
    %store/vec4a v0x55d1800b5490, 4, 0;
    %load/vec4 v0x55d1800b53b0_0;
    %pad/u 5;
    %ix/vec4 4;
    %load/vec4a v0x55d1800b5490, 4;
    %vpi_call 3 74 "$display", "        5.Valid value : %d", S<0,vec4,u1> {1 0 0};
    %pushi/vec4 0, 0, 1;
    %load/vec4 v0x55d1800b53b0_0;
    %pad/u 5;
    %ix/vec4 4;
    %store/vec4a v0x55d1800b2440, 4, 0;
    %load/vec4 v0x55d1800b53b0_0;
    %pad/u 5;
    %ix/vec4 4;
    %load/vec4a v0x55d1800b2440, 4;
    %vpi_call 3 77 "$display", "        6.Committed : %d", S<0,vec4,u1> {1 0 0};
    %load/vec4 v0x55d1800b5210_0;
    %addi 1, 0, 32;
    %store/vec4 v0x55d1800b5210_0, 0, 32;
    %vpi_call 3 80 "$display", "        7.Rob Size \012: %d", v0x55d1800b5210_0 {0 0 0};
    %vpi_call 3 83 "$display", "        Reservation Station 1 \012" {0 0 0};
    %pushi/vec4 0, 0, 32;
    %store/vec4 v0x55d180074ce0_0, 0, 32;
T_1.22 ;
    %load/vec4 v0x55d180074ce0_0;
    %cmpi/s 4, 0, 32;
    %jmp/0xz T_1.23, 5;
    %ix/getv/s 4, v0x55d180074ce0_0;
    %load/vec4a v0x55d1800b3390, 4;
    %cmpi/e 1, 0, 1;
    %jmp/0xz  T_1.24, 4;
    %load/vec4 v0x55d180074ce0_0;
    %store/vec4 v0x55d18007e620_0, 0, 32;
    %pushi/vec4 0, 0, 1;
    %ix/getv/s 4, v0x55d18007e620_0;
    %store/vec4a v0x55d1800b3390, 4, 0;
    %vpi_call 3 91 "$display", "         1.Index : %d", v0x55d18007e620_0 {0 0 0};
    %load/vec4 v0x55d1800b3750_0;
    %addi 1, 0, 32;
    %store/vec4 v0x55d1800b3750_0, 0, 32;
    %vpi_call 3 94 "$display", "         2.Size : %d", v0x55d1800b3750_0 {0 0 0};
    %pushi/vec4 4, 0, 32;
    %store/vec4 v0x55d180074ce0_0, 0, 32;
    %jmp T_1.25;
T_1.24 ;
    %load/vec4 v0x55d180074ce0_0;
    %addi 1, 0, 32;
    %store/vec4 v0x55d180074ce0_0, 0, 32;
T_1.25 ;
    %jmp T_1.22;
T_1.23 ;
    %load/vec4 v0x55d1800b2a10_0;
    %pad/u 4;
    %ix/vec4 4;
    %load/vec4a v0x55d1800b2950, 4;
    %ix/getv/s 4, v0x55d18007e620_0;
    %store/vec4a v0x55d1800b35f0, 4, 0;
    %load/vec4 v0x55d1800b2a10_0;
    %pad/u 4;
    %ix/vec4 4;
    %load/vec4a v0x55d1800b2950, 4;
    %parti/s 4, 12, 5;
    %ix/getv/s 4, v0x55d18007e620_0;
    %store/vec4a v0x55d1800b3830, 4, 0;
    %vpi_call 3 102 "$display", "         3.Opcode : %h", &A<v0x55d1800b3830, v0x55d18007e620_0 > {0 0 0};
    %pushi/vec4 0, 0, 1;
    %ix/getv/s 4, v0x55d18007e620_0;
    %store/vec4a v0x55d1800b38f0, 4, 0;
    %load/vec4 v0x55d1800b2a10_0;
    %pad/u 4;
    %ix/vec4 5;
    %load/vec4a v0x55d1800b2950, 5;
    %parti/s 4, 4, 4;
    %pad/u 6;
    %ix/vec4 4;
    %load/vec4a v0x55d1800b3190, 4;
    %nor/r;
    %flag_set/vec4 8;
    %jmp/0xz  T_1.26, 8;
    %pushi/vec4 0, 0, 1;
    %ix/getv/s 4, v0x55d18007e620_0;
    %store/vec4a v0x55d1800b3b10, 4, 0;
    %load/vec4 v0x55d1800b2a10_0;
    %pad/u 4;
    %ix/vec4 5;
    %load/vec4a v0x55d1800b2950, 5;
    %parti/s 4, 4, 4;
    %pad/u 6;
    %ix/vec4 4;
    %load/vec4a v0x55d1800b30d0, 4;
    %ix/getv/s 4, v0x55d18007e620_0;
    %store/vec4a v0x55d1800b3a50, 4, 0;
    %vpi_call 3 110 "$display", "         4.Rs1 : Rob [%h] ", &A<v0x55d1800b3a50, v0x55d18007e620_0 > {0 0 0};
    %jmp T_1.27;
T_1.26 ;
    %pushi/vec4 1, 0, 1;
    %ix/getv/s 4, v0x55d18007e620_0;
    %store/vec4a v0x55d1800b3b10, 4, 0;
    %load/vec4 v0x55d1800b2a10_0;
    %pad/u 4;
    %ix/vec4 5;
    %load/vec4a v0x55d1800b2950, 5;
    %parti/s 4, 4, 4;
    %pad/u 6;
    %ix/vec4 4;
    %load/vec4a v0x55d1800b3010, 4;
    %ix/getv/s 4, v0x55d18007e620_0;
    %store/vec4a v0x55d1800b3990, 4, 0;
    %load/vec4 v0x55d1800b2a10_0;
    %pad/u 4;
    %ix/vec4 4;
    %load/vec4a v0x55d1800b2950, 4;
    %parti/s 4, 4, 4;
    %vpi_call 3 117 "$display", "         5.Rs1 : R[%h] ", S<0,vec4,u4> {1 0 0};
T_1.27 ;
    %load/vec4 v0x55d1800b2a10_0;
    %pad/u 4;
    %ix/vec4 5;
    %load/vec4a v0x55d1800b2950, 5;
    %parti/s 4, 0, 2;
    %pad/u 6;
    %ix/vec4 4;
    %load/vec4a v0x55d1800b3190, 4;
    %nor/r;
    %flag_set/vec4 8;
    %jmp/0xz  T_1.28, 8;
    %pushi/vec4 0, 0, 1;
    %ix/getv/s 4, v0x55d18007e620_0;
    %store/vec4a v0x55d1800b3d30, 4, 0;
    %load/vec4 v0x55d1800b2a10_0;
    %pad/u 4;
    %ix/vec4 5;
    %load/vec4a v0x55d1800b2950, 5;
    %parti/s 4, 0, 2;
    %pad/u 6;
    %ix/vec4 4;
    %load/vec4a v0x55d1800b30d0, 4;
    %ix/getv/s 4, v0x55d18007e620_0;
    %store/vec4a v0x55d1800b3c70, 4, 0;
    %vpi_call 3 125 "$display", "         6.Rs2 : Rob [%h] ", &A<v0x55d1800b3c70, v0x55d18007e620_0 > {0 0 0};
    %jmp T_1.29;
T_1.28 ;
    %pushi/vec4 1, 0, 1;
    %ix/getv/s 4, v0x55d18007e620_0;
    %store/vec4a v0x55d1800b3d30, 4, 0;
    %load/vec4 v0x55d1800b2a10_0;
    %pad/u 4;
    %ix/vec4 5;
    %load/vec4a v0x55d1800b2950, 5;
    %parti/s 4, 0, 2;
    %pad/u 6;
    %ix/vec4 4;
    %load/vec4a v0x55d1800b3010, 4;
    %ix/getv/s 4, v0x55d18007e620_0;
    %store/vec4a v0x55d1800b3bb0, 4, 0;
    %load/vec4 v0x55d1800b2a10_0;
    %pad/u 4;
    %ix/vec4 4;
    %load/vec4a v0x55d1800b2950, 4;
    %parti/s 4, 0, 2;
    %vpi_call 3 132 "$display", "         7.Rs2 : R[%h] ", S<0,vec4,u4> {1 0 0};
T_1.29 ;
    %load/vec4 v0x55d1800b53b0_0;
    %ix/getv/s 4, v0x55d18007e620_0;
    %store/vec4a v0x55d1800b3230, 4, 0;
    %vpi_call 3 136 "$display", "         8.Rd : Rob [%h] ", &A<v0x55d1800b3230, v0x55d18007e620_0 > {0 0 0};
    %load/vec4 v0x55d1800b53b0_0;
    %load/vec4 v0x55d1800b2a10_0;
    %pad/u 4;
    %ix/vec4 5;
    %load/vec4a v0x55d1800b2950, 5;
    %parti/s 4, 8, 5;
    %pad/u 6;
    %ix/vec4 4;
    %store/vec4a v0x55d1800b30d0, 4, 0;
    %pushi/vec4 0, 0, 1;
    %load/vec4 v0x55d1800b2a10_0;
    %pad/u 4;
    %ix/vec4 5;
    %load/vec4a v0x55d1800b2950, 5;
    %parti/s 4, 8, 5;
    %pad/u 6;
    %ix/vec4 4;
    %store/vec4a v0x55d1800b3190, 4, 0;
    %load/vec4 v0x55d1800b53b0_0;
    %addi 1, 0, 3;
    %store/vec4 v0x55d1800b53b0_0, 0, 3;
    %ix/getv/s 4, v0x55d18007e620_0;
    %load/vec4a v0x55d1800b3b10, 4;
    %pushi/vec4 1, 0, 1;
    %cmp/e;
    %flag_get/vec4 4;
    %ix/getv/s 4, v0x55d18007e620_0;
    %load/vec4a v0x55d1800b3d30, 4;
    %pushi/vec4 1, 0, 1;
    %cmp/e;
    %flag_get/vec4 4;
    %and;
    %ix/getv/s 4, v0x55d18007e620_0;
    %load/vec4a v0x55d1800b3390, 4;
    %pushi/vec4 0, 0, 1;
    %cmp/e;
    %flag_get/vec4 4;
    %and;
    %flag_set/vec4 8;
    %jmp/0xz  T_1.30, 8;
    %pushi/vec4 1, 0, 1;
    %ix/getv/s 4, v0x55d18007e620_0;
    %store/vec4a v0x55d1800b38f0, 4, 0;
    %jmp T_1.31;
T_1.30 ;
    %pushi/vec4 0, 0, 1;
    %ix/getv/s 4, v0x55d18007e620_0;
    %store/vec4a v0x55d1800b38f0, 4, 0;
T_1.31 ;
    %vpi_call 3 150 "$display", "         9.Ready : %h ", &A<v0x55d1800b38f0, v0x55d18007e620_0 > {0 0 0};
    %pushi/vec4 0, 0, 1;
    %ix/getv/s 4, v0x55d18007e620_0;
    %store/vec4a v0x55d1800b36b0, 4, 0;
    %vpi_call 3 153 "$display", "         10.Issued : %h \012", &A<v0x55d1800b36b0, v0x55d18007e620_0 > {0 0 0};
    %load/vec4 v0x55d1800b2a10_0;
    %addi 1, 0, 2;
    %store/vec4 v0x55d1800b2a10_0, 0, 2;
    %load/vec4 v0x55d1800b2af0_0;
    %subi 1, 0, 32;
    %store/vec4 v0x55d1800b2af0_0, 0, 32;
    %jmp T_1.21;
T_1.20 ;
    %vpi_call 3 160 "$display", "        Stall , RS1 : Full\012" {0 0 0};
T_1.21 ;
    %jmp T_1.7;
T_1.4 ;
    %load/vec4 v0x55d1800b46f0_0;
    %cmpi/s 4, 0, 32;
    %jmp/0xz  T_1.32, 5;
    %load/vec4 v0x55d1800b2a10_0;
    %pad/u 4;
    %ix/vec4 4;
    %load/vec4a v0x55d1800b2950, 4;
    %vpi_call 3 167 "$display", "        Decoded : %h , Location : RS2 \012", S<0,vec4,u16> {1 0 0};
    %vpi_call 3 169 "$display", "        R0B : \012" {0 0 0};
    %vpi_call 3 170 "$display", "        1.ROB Head : %h", v0x55d1800b2500_0 {0 0 0};
    %vpi_call 3 171 "$display", "        2.ROB Tail : %h", v0x55d1800b53b0_0 {0 0 0};
    %load/vec4 v0x55d1800b2a10_0;
    %pad/u 4;
    %ix/vec4 4;
    %load/vec4a v0x55d1800b2950, 4;
    %load/vec4 v0x55d1800b53b0_0;
    %pad/u 5;
    %ix/vec4 4;
    %store/vec4a v0x55d1800b5150, 4, 0;
    %load/vec4 v0x55d1800b2a10_0;
    %pad/u 4;
    %ix/vec4 4;
    %load/vec4a v0x55d1800b2950, 4;
    %parti/s 4, 12, 5;
    %load/vec4 v0x55d1800b53b0_0;
    %pad/u 5;
    %ix/vec4 4;
    %store/vec4a v0x55d1800b52f0, 4, 0;
    %load/vec4 v0x55d1800b53b0_0;
    %pad/u 5;
    %ix/vec4 4;
    %load/vec4a v0x55d1800b52f0, 4;
    %vpi_call 3 175 "$display", "        3.Opcode : %h", S<0,vec4,u4> {1 0 0};
    %load/vec4 v0x55d1800b2a10_0;
    %pad/u 4;
    %ix/vec4 4;
    %load/vec4a v0x55d1800b2950, 4;
    %parti/s 4, 8, 5;
    %load/vec4 v0x55d1800b53b0_0;
    %pad/u 5;
    %ix/vec4 4;
    %store/vec4a v0x55d1800b4fd0, 4, 0;
    %load/vec4 v0x55d1800b53b0_0;
    %pad/u 5;
    %ix/vec4 4;
    %load/vec4a v0x55d1800b4fd0, 4;
    %vpi_call 3 178 "$display", "        4.Destination Register : %h", S<0,vec4,u4> {1 0 0};
    %pushi/vec4 0, 0, 1;
    %load/vec4 v0x55d1800b53b0_0;
    %pad/u 5;
    %ix/vec4 4;
    %store/vec4a v0x55d1800b5490, 4, 0;
    %load/vec4 v0x55d1800b53b0_0;
    %pad/u 5;
    %ix/vec4 4;
    %load/vec4a v0x55d1800b5490, 4;
    %vpi_call 3 181 "$display", "        5.Valid value : %d", S<0,vec4,u1> {1 0 0};
    %pushi/vec4 0, 0, 1;
    %load/vec4 v0x55d1800b53b0_0;
    %pad/u 5;
    %ix/vec4 4;
    %store/vec4a v0x55d1800b2440, 4, 0;
    %load/vec4 v0x55d1800b53b0_0;
    %pad/u 5;
    %ix/vec4 4;
    %load/vec4a v0x55d1800b2440, 4;
    %vpi_call 3 184 "$display", "        6.Committed : %d", S<0,vec4,u1> {1 0 0};
    %load/vec4 v0x55d1800b5210_0;
    %addi 1, 0, 32;
    %store/vec4 v0x55d1800b5210_0, 0, 32;
    %vpi_call 3 187 "$display", "        7.Rob Size : %d  \012", v0x55d1800b5210_0 {0 0 0};
    %vpi_call 3 190 "$display", "        Reservation Station 2  \012" {0 0 0};
    %pushi/vec4 0, 0, 32;
    %store/vec4 v0x55d180074ce0_0, 0, 32;
T_1.34 ;
    %load/vec4 v0x55d180074ce0_0;
    %cmpi/s 4, 0, 32;
    %jmp/0xz T_1.35, 5;
    %ix/getv/s 4, v0x55d180074ce0_0;
    %load/vec4a v0x55d1800b4410, 4;
    %cmpi/e 1, 0, 1;
    %jmp/0xz  T_1.36, 4;
    %load/vec4 v0x55d180074ce0_0;
    %store/vec4 v0x55d18007e620_0, 0, 32;
    %vpi_call 3 197 "$display", "         1.Index : %d", v0x55d18007e620_0 {0 0 0};
    %pushi/vec4 0, 0, 1;
    %ix/getv/s 4, v0x55d18007e620_0;
    %store/vec4a v0x55d1800b4410, 4, 0;
    %load/vec4 v0x55d1800b46f0_0;
    %addi 1, 0, 32;
    %store/vec4 v0x55d1800b46f0_0, 0, 32;
    %vpi_call 3 201 "$display", "         2.Size : %d", v0x55d1800b46f0_0 {0 0 0};
    %pushi/vec4 4, 0, 32;
    %store/vec4 v0x55d180074ce0_0, 0, 32;
    %jmp T_1.37;
T_1.36 ;
    %load/vec4 v0x55d180074ce0_0;
    %addi 1, 0, 32;
    %store/vec4 v0x55d180074ce0_0, 0, 32;
T_1.37 ;
    %jmp T_1.34;
T_1.35 ;
    %load/vec4 v0x55d1800b2a10_0;
    %pad/u 4;
    %ix/vec4 4;
    %load/vec4a v0x55d1800b2950, 4;
    %ix/getv/s 4, v0x55d18007e620_0;
    %store/vec4a v0x55d1800b4590, 4, 0;
    %load/vec4 v0x55d1800b2a10_0;
    %pad/u 4;
    %ix/vec4 4;
    %load/vec4a v0x55d1800b2950, 4;
    %parti/s 4, 12, 5;
    %ix/getv/s 4, v0x55d18007e620_0;
    %store/vec4a v0x55d1800b47d0, 4, 0;
    %vpi_call 3 209 "$display", "         3.Opcode : %h", &A<v0x55d1800b47d0, v0x55d18007e620_0 > {0 0 0};
    %pushi/vec4 0, 0, 1;
    %ix/getv/s 4, v0x55d18007e620_0;
    %store/vec4a v0x55d1800b4890, 4, 0;
    %load/vec4 v0x55d1800b2a10_0;
    %pad/u 4;
    %ix/vec4 5;
    %load/vec4a v0x55d1800b2950, 5;
    %parti/s 4, 4, 4;
    %pad/u 6;
    %ix/vec4 4;
    %load/vec4a v0x55d1800b3190, 4;
    %nor/r;
    %flag_set/vec4 8;
    %jmp/0xz  T_1.38, 8;
    %pushi/vec4 0, 0, 1;
    %ix/getv/s 4, v0x55d18007e620_0;
    %store/vec4a v0x55d1800b4ab0, 4, 0;
    %load/vec4 v0x55d1800b2a10_0;
    %pad/u 4;
    %ix/vec4 5;
    %load/vec4a v0x55d1800b2950, 5;
    %parti/s 4, 4, 4;
    %pad/u 6;
    %ix/vec4 4;
    %load/vec4a v0x55d1800b30d0, 4;
    %ix/getv/s 4, v0x55d18007e620_0;
    %store/vec4a v0x55d1800b49f0, 4, 0;
    %vpi_call 3 218 "$display", "         4.Rs1 : Rob [%h] ", &A<v0x55d1800b49f0, v0x55d18007e620_0 > {0 0 0};
    %jmp T_1.39;
T_1.38 ;
    %pushi/vec4 1, 0, 1;
    %ix/getv/s 4, v0x55d18007e620_0;
    %store/vec4a v0x55d1800b4ab0, 4, 0;
    %load/vec4 v0x55d1800b2a10_0;
    %pad/u 4;
    %ix/vec4 5;
    %load/vec4a v0x55d1800b2950, 5;
    %parti/s 4, 4, 4;
    %pad/u 6;
    %ix/vec4 4;
    %load/vec4a v0x55d1800b3010, 4;
    %ix/getv/s 4, v0x55d18007e620_0;
    %store/vec4a v0x55d1800b4930, 4, 0;
    %load/vec4 v0x55d1800b2a10_0;
    %pad/u 4;
    %ix/vec4 4;
    %load/vec4a v0x55d1800b2950, 4;
    %parti/s 4, 4, 4;
    %vpi_call 3 225 "$display", "         5.Rs1 : R[%h] ", S<0,vec4,u4> {1 0 0};
T_1.39 ;
    %load/vec4 v0x55d1800b2a10_0;
    %pad/u 4;
    %ix/vec4 5;
    %load/vec4a v0x55d1800b2950, 5;
    %parti/s 4, 0, 2;
    %pad/u 6;
    %ix/vec4 4;
    %load/vec4a v0x55d1800b3190, 4;
    %nor/r;
    %flag_set/vec4 8;
    %jmp/0xz  T_1.40, 8;
    %pushi/vec4 0, 0, 1;
    %ix/getv/s 4, v0x55d18007e620_0;
    %store/vec4a v0x55d1800b4cd0, 4, 0;
    %load/vec4 v0x55d1800b2a10_0;
    %pad/u 4;
    %ix/vec4 5;
    %load/vec4a v0x55d1800b2950, 5;
    %parti/s 4, 0, 2;
    %pad/u 6;
    %ix/vec4 4;
    %load/vec4a v0x55d1800b30d0, 4;
    %ix/getv/s 4, v0x55d18007e620_0;
    %store/vec4a v0x55d1800b4c10, 4, 0;
    %vpi_call 3 234 "$display", "         6.Rs2 : Rob[%h] ", &A<v0x55d1800b4c10, v0x55d18007e620_0 > {0 0 0};
    %jmp T_1.41;
T_1.40 ;
    %pushi/vec4 1, 0, 1;
    %ix/getv/s 4, v0x55d18007e620_0;
    %store/vec4a v0x55d1800b4cd0, 4, 0;
    %load/vec4 v0x55d1800b2a10_0;
    %pad/u 4;
    %ix/vec4 5;
    %load/vec4a v0x55d1800b2950, 5;
    %parti/s 4, 0, 2;
    %pad/u 6;
    %ix/vec4 4;
    %load/vec4a v0x55d1800b3010, 4;
    %ix/getv/s 4, v0x55d18007e620_0;
    %store/vec4a v0x55d1800b4b50, 4, 0;
    %load/vec4 v0x55d1800b2a10_0;
    %pad/u 4;
    %ix/vec4 4;
    %load/vec4a v0x55d1800b2950, 4;
    %parti/s 4, 0, 2;
    %vpi_call 3 242 "$display", "         7.Rs2 : R[%h] ", S<0,vec4,u4> {1 0 0};
T_1.41 ;
    %load/vec4 v0x55d1800b53b0_0;
    %ix/getv/s 4, v0x55d18007e620_0;
    %store/vec4a v0x55d1800b4290, 4, 0;
    %vpi_call 3 246 "$display", "         8.Rd : Rob [%h] ", &A<v0x55d1800b4290, v0x55d18007e620_0 > {0 0 0};
    %load/vec4 v0x55d1800b53b0_0;
    %load/vec4 v0x55d1800b2a10_0;
    %pad/u 4;
    %ix/vec4 5;
    %load/vec4a v0x55d1800b2950, 5;
    %parti/s 4, 8, 5;
    %pad/u 6;
    %ix/vec4 4;
    %store/vec4a v0x55d1800b30d0, 4, 0;
    %pushi/vec4 0, 0, 1;
    %load/vec4 v0x55d1800b2a10_0;
    %pad/u 4;
    %ix/vec4 5;
    %load/vec4a v0x55d1800b2950, 5;
    %parti/s 4, 8, 5;
    %pad/u 6;
    %ix/vec4 4;
    %store/vec4a v0x55d1800b3190, 4, 0;
    %load/vec4 v0x55d1800b53b0_0;
    %addi 1, 0, 3;
    %store/vec4 v0x55d1800b53b0_0, 0, 3;
    %ix/getv/s 4, v0x55d18007e620_0;
    %load/vec4a v0x55d1800b4ab0, 4;
    %pushi/vec4 1, 0, 1;
    %cmp/e;
    %flag_get/vec4 4;
    %ix/getv/s 4, v0x55d18007e620_0;
    %load/vec4a v0x55d1800b4cd0, 4;
    %pushi/vec4 1, 0, 1;
    %cmp/e;
    %flag_get/vec4 4;
    %and;
    %ix/getv/s 4, v0x55d18007e620_0;
    %load/vec4a v0x55d1800b4410, 4;
    %pushi/vec4 0, 0, 1;
    %cmp/e;
    %flag_get/vec4 4;
    %and;
    %flag_set/vec4 8;
    %jmp/0xz  T_1.42, 8;
    %pushi/vec4 1, 0, 1;
    %ix/getv/s 4, v0x55d18007e620_0;
    %store/vec4a v0x55d1800b4890, 4, 0;
    %jmp T_1.43;
T_1.42 ;
    %pushi/vec4 0, 0, 1;
    %ix/getv/s 4, v0x55d18007e620_0;
    %store/vec4a v0x55d1800b4890, 4, 0;
T_1.43 ;
    %vpi_call 3 260 "$display", "         9.Ready : %h ", &A<v0x55d1800b4890, v0x55d18007e620_0 > {0 0 0};
    %pushi/vec4 0, 0, 1;
    %ix/getv/s 4, v0x55d18007e620_0;
    %store/vec4a v0x55d1800b4650, 4, 0;
    %vpi_call 3 262 "$display", "         10.Issued : %h \012", &A<v0x55d1800b36b0, v0x55d18007e620_0 > {0 0 0};
    %load/vec4 v0x55d1800b2a10_0;
    %addi 1, 0, 2;
    %store/vec4 v0x55d1800b2a10_0, 0, 2;
    %load/vec4 v0x55d1800b2af0_0;
    %subi 1, 0, 32;
    %store/vec4 v0x55d1800b2af0_0, 0, 32;
    %jmp T_1.33;
T_1.32 ;
    %vpi_call 3 270 "$display", "        Stall , RS2 : Full\012" {0 0 0};
T_1.33 ;
    %jmp T_1.7;
T_1.5 ;
    %load/vec4 v0x55d1800b46f0_0;
    %cmpi/s 4, 0, 32;
    %jmp/0xz  T_1.44, 5;
    %load/vec4 v0x55d1800b2a10_0;
    %pad/u 4;
    %ix/vec4 4;
    %load/vec4a v0x55d1800b2950, 4;
    %vpi_call 3 167 "$display", "        Decoded : %h , Location : RS2 \012", S<0,vec4,u16> {1 0 0};
    %vpi_call 3 169 "$display", "        R0B : \012" {0 0 0};
    %vpi_call 3 170 "$display", "        1.ROB Head : %h", v0x55d1800b2500_0 {0 0 0};
    %vpi_call 3 171 "$display", "        2.ROB Tail : %h", v0x55d1800b53b0_0 {0 0 0};
    %load/vec4 v0x55d1800b2a10_0;
    %pad/u 4;
    %ix/vec4 4;
    %load/vec4a v0x55d1800b2950, 4;
    %load/vec4 v0x55d1800b53b0_0;
    %pad/u 5;
    %ix/vec4 4;
    %store/vec4a v0x55d1800b5150, 4, 0;
    %load/vec4 v0x55d1800b2a10_0;
    %pad/u 4;
    %ix/vec4 4;
    %load/vec4a v0x55d1800b2950, 4;
    %parti/s 4, 12, 5;
    %load/vec4 v0x55d1800b53b0_0;
    %pad/u 5;
    %ix/vec4 4;
    %store/vec4a v0x55d1800b52f0, 4, 0;
    %load/vec4 v0x55d1800b53b0_0;
    %pad/u 5;
    %ix/vec4 4;
    %load/vec4a v0x55d1800b52f0, 4;
    %vpi_call 3 175 "$display", "        3.Opcode : %h", S<0,vec4,u4> {1 0 0};
    %load/vec4 v0x55d1800b2a10_0;
    %pad/u 4;
    %ix/vec4 4;
    %load/vec4a v0x55d1800b2950, 4;
    %parti/s 4, 8, 5;
    %load/vec4 v0x55d1800b53b0_0;
    %pad/u 5;
    %ix/vec4 4;
    %store/vec4a v0x55d1800b4fd0, 4, 0;
    %load/vec4 v0x55d1800b53b0_0;
    %pad/u 5;
    %ix/vec4 4;
    %load/vec4a v0x55d1800b4fd0, 4;
    %vpi_call 3 178 "$display", "        4.Destination Register : %h", S<0,vec4,u4> {1 0 0};
    %pushi/vec4 0, 0, 1;
    %load/vec4 v0x55d1800b53b0_0;
    %pad/u 5;
    %ix/vec4 4;
    %store/vec4a v0x55d1800b5490, 4, 0;
    %load/vec4 v0x55d1800b53b0_0;
    %pad/u 5;
    %ix/vec4 4;
    %load/vec4a v0x55d1800b5490, 4;
    %vpi_call 3 181 "$display", "        5.Valid value : %d", S<0,vec4,u1> {1 0 0};
    %pushi/vec4 0, 0, 1;
    %load/vec4 v0x55d1800b53b0_0;
    %pad/u 5;
    %ix/vec4 4;
    %store/vec4a v0x55d1800b2440, 4, 0;
    %load/vec4 v0x55d1800b53b0_0;
    %pad/u 5;
    %ix/vec4 4;
    %load/vec4a v0x55d1800b2440, 4;
    %vpi_call 3 184 "$display", "        6.Committed : %d", S<0,vec4,u1> {1 0 0};
    %load/vec4 v0x55d1800b5210_0;
    %addi 1, 0, 32;
    %store/vec4 v0x55d1800b5210_0, 0, 32;
    %vpi_call 3 187 "$display", "        7.Rob Size : %d  \012", v0x55d1800b5210_0 {0 0 0};
    %vpi_call 3 190 "$display", "        Reservation Station 2  \012" {0 0 0};
    %pushi/vec4 0, 0, 32;
    %store/vec4 v0x55d180074ce0_0, 0, 32;
T_1.46 ;
    %load/vec4 v0x55d180074ce0_0;
    %cmpi/s 4, 0, 32;
    %jmp/0xz T_1.47, 5;
    %ix/getv/s 4, v0x55d180074ce0_0;
    %load/vec4a v0x55d1800b4410, 4;
    %cmpi/e 1, 0, 1;
    %jmp/0xz  T_1.48, 4;
    %load/vec4 v0x55d180074ce0_0;
    %store/vec4 v0x55d18007e620_0, 0, 32;
    %vpi_call 3 197 "$display", "         1.Index : %d", v0x55d18007e620_0 {0 0 0};
    %pushi/vec4 0, 0, 1;
    %ix/getv/s 4, v0x55d18007e620_0;
    %store/vec4a v0x55d1800b4410, 4, 0;
    %load/vec4 v0x55d1800b46f0_0;
    %addi 1, 0, 32;
    %store/vec4 v0x55d1800b46f0_0, 0, 32;
    %vpi_call 3 201 "$display", "         2.Size : %d", v0x55d1800b46f0_0 {0 0 0};
    %pushi/vec4 4, 0, 32;
    %store/vec4 v0x55d180074ce0_0, 0, 32;
    %jmp T_1.49;
T_1.48 ;
    %load/vec4 v0x55d180074ce0_0;
    %addi 1, 0, 32;
    %store/vec4 v0x55d180074ce0_0, 0, 32;
T_1.49 ;
    %jmp T_1.46;
T_1.47 ;
    %load/vec4 v0x55d1800b2a10_0;
    %pad/u 4;
    %ix/vec4 4;
    %load/vec4a v0x55d1800b2950, 4;
    %ix/getv/s 4, v0x55d18007e620_0;
    %store/vec4a v0x55d1800b4590, 4, 0;
    %load/vec4 v0x55d1800b2a10_0;
    %pad/u 4;
    %ix/vec4 4;
    %load/vec4a v0x55d1800b2950, 4;
    %parti/s 4, 12, 5;
    %ix/getv/s 4, v0x55d18007e620_0;
    %store/vec4a v0x55d1800b47d0, 4, 0;
    %vpi_call 3 209 "$display", "         3.Opcode : %h", &A<v0x55d1800b47d0, v0x55d18007e620_0 > {0 0 0};
    %pushi/vec4 0, 0, 1;
    %ix/getv/s 4, v0x55d18007e620_0;
    %store/vec4a v0x55d1800b4890, 4, 0;
    %load/vec4 v0x55d1800b2a10_0;
    %pad/u 4;
    %ix/vec4 5;
    %load/vec4a v0x55d1800b2950, 5;
    %parti/s 4, 4, 4;
    %pad/u 6;
    %ix/vec4 4;
    %load/vec4a v0x55d1800b3190, 4;
    %nor/r;
    %flag_set/vec4 8;
    %jmp/0xz  T_1.50, 8;
    %pushi/vec4 0, 0, 1;
    %ix/getv/s 4, v0x55d18007e620_0;
    %store/vec4a v0x55d1800b4ab0, 4, 0;
    %load/vec4 v0x55d1800b2a10_0;
    %pad/u 4;
    %ix/vec4 5;
    %load/vec4a v0x55d1800b2950, 5;
    %parti/s 4, 4, 4;
    %pad/u 6;
    %ix/vec4 4;
    %load/vec4a v0x55d1800b30d0, 4;
    %ix/getv/s 4, v0x55d18007e620_0;
    %store/vec4a v0x55d1800b49f0, 4, 0;
    %vpi_call 3 218 "$display", "         4.Rs1 : Rob [%h] ", &A<v0x55d1800b49f0, v0x55d18007e620_0 > {0 0 0};
    %jmp T_1.51;
T_1.50 ;
    %pushi/vec4 1, 0, 1;
    %ix/getv/s 4, v0x55d18007e620_0;
    %store/vec4a v0x55d1800b4ab0, 4, 0;
    %load/vec4 v0x55d1800b2a10_0;
    %pad/u 4;
    %ix/vec4 5;
    %load/vec4a v0x55d1800b2950, 5;
    %parti/s 4, 4, 4;
    %pad/u 6;
    %ix/vec4 4;
    %load/vec4a v0x55d1800b3010, 4;
    %ix/getv/s 4, v0x55d18007e620_0;
    %store/vec4a v0x55d1800b4930, 4, 0;
    %load/vec4 v0x55d1800b2a10_0;
    %pad/u 4;
    %ix/vec4 4;
    %load/vec4a v0x55d1800b2950, 4;
    %parti/s 4, 4, 4;
    %vpi_call 3 225 "$display", "         5.Rs1 : R[%h] ", S<0,vec4,u4> {1 0 0};
T_1.51 ;
    %load/vec4 v0x55d1800b2a10_0;
    %pad/u 4;
    %ix/vec4 5;
    %load/vec4a v0x55d1800b2950, 5;
    %parti/s 4, 0, 2;
    %pad/u 6;
    %ix/vec4 4;
    %load/vec4a v0x55d1800b3190, 4;
    %nor/r;
    %flag_set/vec4 8;
    %jmp/0xz  T_1.52, 8;
    %pushi/vec4 0, 0, 1;
    %ix/getv/s 4, v0x55d18007e620_0;
    %store/vec4a v0x55d1800b4cd0, 4, 0;
    %load/vec4 v0x55d1800b2a10_0;
    %pad/u 4;
    %ix/vec4 5;
    %load/vec4a v0x55d1800b2950, 5;
    %parti/s 4, 0, 2;
    %pad/u 6;
    %ix/vec4 4;
    %load/vec4a v0x55d1800b30d0, 4;
    %ix/getv/s 4, v0x55d18007e620_0;
    %store/vec4a v0x55d1800b4c10, 4, 0;
    %vpi_call 3 234 "$display", "         6.Rs2 : Rob[%h] ", &A<v0x55d1800b4c10, v0x55d18007e620_0 > {0 0 0};
    %jmp T_1.53;
T_1.52 ;
    %pushi/vec4 1, 0, 1;
    %ix/getv/s 4, v0x55d18007e620_0;
    %store/vec4a v0x55d1800b4cd0, 4, 0;
    %load/vec4 v0x55d1800b2a10_0;
    %pad/u 4;
    %ix/vec4 5;
    %load/vec4a v0x55d1800b2950, 5;
    %parti/s 4, 0, 2;
    %pad/u 6;
    %ix/vec4 4;
    %load/vec4a v0x55d1800b3010, 4;
    %ix/getv/s 4, v0x55d18007e620_0;
    %store/vec4a v0x55d1800b4b50, 4, 0;
    %load/vec4 v0x55d1800b2a10_0;
    %pad/u 4;
    %ix/vec4 4;
    %load/vec4a v0x55d1800b2950, 4;
    %parti/s 4, 0, 2;
    %vpi_call 3 242 "$display", "         7.Rs2 : R[%h] ", S<0,vec4,u4> {1 0 0};
T_1.53 ;
    %load/vec4 v0x55d1800b53b0_0;
    %ix/getv/s 4, v0x55d18007e620_0;
    %store/vec4a v0x55d1800b4290, 4, 0;
    %vpi_call 3 246 "$display", "         8.Rd : Rob [%h] ", &A<v0x55d1800b4290, v0x55d18007e620_0 > {0 0 0};
    %load/vec4 v0x55d1800b53b0_0;
    %load/vec4 v0x55d1800b2a10_0;
    %pad/u 4;
    %ix/vec4 5;
    %load/vec4a v0x55d1800b2950, 5;
    %parti/s 4, 8, 5;
    %pad/u 6;
    %ix/vec4 4;
    %store/vec4a v0x55d1800b30d0, 4, 0;
    %pushi/vec4 0, 0, 1;
    %load/vec4 v0x55d1800b2a10_0;
    %pad/u 4;
    %ix/vec4 5;
    %load/vec4a v0x55d1800b2950, 5;
    %parti/s 4, 8, 5;
    %pad/u 6;
    %ix/vec4 4;
    %store/vec4a v0x55d1800b3190, 4, 0;
    %load/vec4 v0x55d1800b53b0_0;
    %addi 1, 0, 3;
    %store/vec4 v0x55d1800b53b0_0, 0, 3;
    %ix/getv/s 4, v0x55d18007e620_0;
    %load/vec4a v0x55d1800b4ab0, 4;
    %pushi/vec4 1, 0, 1;
    %cmp/e;
    %flag_get/vec4 4;
    %ix/getv/s 4, v0x55d18007e620_0;
    %load/vec4a v0x55d1800b4cd0, 4;
    %pushi/vec4 1, 0, 1;
    %cmp/e;
    %flag_get/vec4 4;
    %and;
    %ix/getv/s 4, v0x55d18007e620_0;
    %load/vec4a v0x55d1800b4410, 4;
    %pushi/vec4 0, 0, 1;
    %cmp/e;
    %flag_get/vec4 4;
    %and;
    %flag_set/vec4 8;
    %jmp/0xz  T_1.54, 8;
    %pushi/vec4 1, 0, 1;
    %ix/getv/s 4, v0x55d18007e620_0;
    %store/vec4a v0x55d1800b4890, 4, 0;
    %jmp T_1.55;
T_1.54 ;
    %pushi/vec4 0, 0, 1;
    %ix/getv/s 4, v0x55d18007e620_0;
    %store/vec4a v0x55d1800b4890, 4, 0;
T_1.55 ;
    %vpi_call 3 260 "$display", "         9.Ready : %h ", &A<v0x55d1800b4890, v0x55d18007e620_0 > {0 0 0};
    %pushi/vec4 0, 0, 1;
    %ix/getv/s 4, v0x55d18007e620_0;
    %store/vec4a v0x55d1800b4650, 4, 0;
    %vpi_call 3 262 "$display", "         10.Issued : %h \012", &A<v0x55d1800b36b0, v0x55d18007e620_0 > {0 0 0};
    %load/vec4 v0x55d1800b2a10_0;
    %addi 1, 0, 2;
    %store/vec4 v0x55d1800b2a10_0, 0, 2;
    %load/vec4 v0x55d1800b2af0_0;
    %subi 1, 0, 32;
    %store/vec4 v0x55d1800b2af0_0, 0, 32;
    %jmp T_1.45;
T_1.44 ;
    %vpi_call 3 270 "$display", "        Stall , RS2 : Full\012" {0 0 0};
T_1.45 ;
    %jmp T_1.7;
T_1.7 ;
    %pop/vec4 1;
    %jmp T_1.1;
T_1.0 ;
    %load/vec4 v0x55d1800b2af0_0;
    %cmpi/e 0, 0, 32;
    %jmp/0xz  T_1.56, 4;
    %vpi_call 3 278 "$display", "        Stall , IQ : Empty\012" {0 0 0};
    %jmp T_1.57;
T_1.56 ;
    %vpi_call 3 280 "$display", "         Stall , ROB : Full\012" {0 0 0};
T_1.57 ;
T_1.1 ;
    %jmp T_1;
    .thread T_1;
    .scope S_0x55d1800b1c60;
T_2 ;
    %wait E_0x55d17ffae840;
    %delay 5, 0;
    %vpi_call 5 8 "$display", "EXECUTION1 STAGE : \012" {0 0 0};
    %pushi/vec4 0, 0, 32;
    %store/vec4 v0x55d180088070_0, 0, 32;
T_2.0 ;
    %load/vec4 v0x55d180088070_0;
    %cmpi/s 4, 0, 32;
    %jmp/0xz T_2.1, 5;
    %ix/getv/s 4, v0x55d180088070_0;
    %load/vec4a v0x55d1800b38f0, 4;
    %ix/load 4, 0, 0;
    %flag_set/imm 4, 0;
    %load/vec4a v0x55d1800b32f0, 4;
    %nor/r;
    %and;
    %ix/getv/s 4, v0x55d180088070_0;
    %load/vec4a v0x55d1800b36b0, 4;
    %nor/r;
    %and;
    %flag_set/vec4 8;
    %jmp/0xz  T_2.2, 8;
    %ix/getv/s 4, v0x55d180088070_0;
    %load/vec4a v0x55d1800b35f0, 4;
    %store/vec4 v0x55d1800b3430_0, 0, 16;
    %load/vec4 v0x55d180088070_0;
    %store/vec4 v0x55d1800b25a0_0, 0, 32;
    %ix/getv/s 4, v0x55d180088070_0;
    %load/vec4a v0x55d1800b3830, 4;
    %cmpi/e 0, 0, 4;
    %jmp/0xz  T_2.4, 4;
    %ix/getv/s 4, v0x55d180088070_0;
    %load/vec4a v0x55d1800b3990, 4;
    %ix/getv/s 4, v0x55d180088070_0;
    %load/vec4a v0x55d1800b3bb0, 4;
    %sub;
    %assign/vec4 v0x55d1800b3dd0_0, 30;
    %pushi/vec4 1, 0, 1;
    %assign/vec4 v0x55d1800b3eb0_0, 30;
    %vpi_call 5 22 "$display", "         Intruction : %h , Executing", v0x55d1800b3430_0 {0 0 0};
    %vpi_call 5 23 "$display", "         Functional Unit : F0" {0 0 0};
    %vpi_call 5 24 "$display", "         Subtracting : %h - %h\012", &A<v0x55d1800b3990, v0x55d180088070_0 >, &A<v0x55d1800b3bb0, v0x55d180088070_0 > {0 0 0};
    %jmp T_2.5;
T_2.4 ;
    %ix/getv/s 4, v0x55d180088070_0;
    %load/vec4a v0x55d1800b3830, 4;
    %cmpi/e 1, 0, 4;
    %jmp/0xz  T_2.6, 4;
    %ix/getv/s 4, v0x55d180088070_0;
    %load/vec4a v0x55d1800b3990, 4;
    %ix/getv/s 4, v0x55d180088070_0;
    %load/vec4a v0x55d1800b3bb0, 4;
    %add;
    %assign/vec4 v0x55d1800b3dd0_0, 30;
    %pushi/vec4 1, 0, 1;
    %assign/vec4 v0x55d1800b3eb0_0, 30;
    %vpi_call 5 31 "$display", "        Intruction : %h , Executing", v0x55d1800b3430_0 {0 0 0};
    %vpi_call 5 32 "$display", "        Functional Unit : F0" {0 0 0};
    %vpi_call 5 33 "$display", "        Adding : %h  +  %h\012", &A<v0x55d1800b3990, v0x55d180088070_0 >, &A<v0x55d1800b3bb0, v0x55d180088070_0 > {0 0 0};
T_2.6 ;
T_2.5 ;
    %pushi/vec4 1, 0, 1;
    %ix/getv/s 4, v0x55d180088070_0;
    %store/vec4a v0x55d1800b36b0, 4, 0;
    %load/vec4 v0x55d180088070_0;
    %addi 1, 0, 32;
    %store/vec4 v0x55d180088070_0, 0, 32;
    %pushi/vec4 1, 0, 1;
    %ix/load 4, 0, 0;
    %flag_set/imm 4, 0;
    %store/vec4a v0x55d1800b32f0, 4, 0;
    %jmp T_2.3;
T_2.2 ;
    %ix/getv/s 4, v0x55d180088070_0;
    %load/vec4a v0x55d1800b38f0, 4;
    %ix/load 4, 1, 0;
    %flag_set/imm 4, 0;
    %load/vec4a v0x55d1800b32f0, 4;
    %nor/r;
    %and;
    %ix/getv/s 4, v0x55d180088070_0;
    %load/vec4a v0x55d1800b36b0, 4;
    %nor/r;
    %and;
    %flag_set/vec4 8;
    %jmp/0xz  T_2.8, 8;
    %ix/getv/s 4, v0x55d180088070_0;
    %load/vec4a v0x55d1800b35f0, 4;
    %store/vec4 v0x55d1800b3510_0, 0, 16;
    %load/vec4 v0x55d180088070_0;
    %store/vec4 v0x55d1800b2680_0, 0, 32;
    %ix/getv/s 4, v0x55d180088070_0;
    %load/vec4a v0x55d1800b3830, 4;
    %cmpi/e 0, 0, 4;
    %jmp/0xz  T_2.10, 4;
    %ix/getv/s 4, v0x55d180088070_0;
    %load/vec4a v0x55d1800b3990, 4;
    %ix/getv/s 4, v0x55d180088070_0;
    %load/vec4a v0x55d1800b3bb0, 4;
    %sub;
    %assign/vec4 v0x55d1800b4030_0, 30;
    %pushi/vec4 1, 0, 1;
    %assign/vec4 v0x55d1800b4110_0, 30;
    %vpi_call 5 49 "$display", "        Intruction : %h , Executing in F1", v0x55d1800b3510_0 {0 0 0};
    %vpi_call 5 50 "$display", "        Functional Unit : F1" {0 0 0};
    %vpi_call 5 51 "$display", "        Subtracting : %h + %h\012", &A<v0x55d1800b3990, v0x55d180088070_0 >, &A<v0x55d1800b3bb0, v0x55d180088070_0 > {0 0 0};
    %jmp T_2.11;
T_2.10 ;
    %ix/getv/s 4, v0x55d180088070_0;
    %load/vec4a v0x55d1800b3830, 4;
    %cmpi/e 1, 0, 4;
    %jmp/0xz  T_2.12, 4;
    %ix/getv/s 4, v0x55d180088070_0;
    %load/vec4a v0x55d1800b3990, 4;
    %ix/getv/s 4, v0x55d180088070_0;
    %load/vec4a v0x55d1800b3bb0, 4;
    %add;
    %assign/vec4 v0x55d1800b4030_0, 30;
    %pushi/vec4 1, 0, 1;
    %assign/vec4 v0x55d1800b4110_0, 30;
    %vpi_call 5 58 "$display", "        Intruction : %h , Executing in F1", v0x55d1800b3510_0 {0 0 0};
    %vpi_call 5 59 "$display", "        Functional Unit : F1" {0 0 0};
    %vpi_call 5 60 "$display", "        Adding : %h + %h\012", &A<v0x55d1800b3990, v0x55d180088070_0 >, &A<v0x55d1800b3bb0, v0x55d180088070_0 > {0 0 0};
T_2.12 ;
T_2.11 ;
    %pushi/vec4 1, 0, 1;
    %ix/getv/s 4, v0x55d180088070_0;
    %store/vec4a v0x55d1800b36b0, 4, 0;
    %pushi/vec4 1, 0, 1;
    %ix/load 4, 1, 0;
    %flag_set/imm 4, 0;
    %store/vec4a v0x55d1800b32f0, 4, 0;
    %load/vec4 v0x55d180088070_0;
    %addi 1, 0, 32;
    %store/vec4 v0x55d180088070_0, 0, 32;
    %jmp T_2.9;
T_2.8 ;
    %load/vec4 v0x55d180088070_0;
    %addi 1, 0, 32;
    %store/vec4 v0x55d180088070_0, 0, 32;
T_2.9 ;
T_2.3 ;
    %jmp T_2.0;
T_2.1 ;
    %vpi_call 5 71 "$display", "        F0-Busy : %h", &A<v0x55d1800b32f0, 0> {0 0 0};
    %ix/load 4, 0, 0;
    %flag_set/imm 4, 0;
    %load/vec4a v0x55d1800b32f0, 4;
    %flag_set/vec4 8;
    %jmp/0xz  T_2.14, 8;
    %vpi_call 5 73 "$display", "        Executing : %h\012 ", v0x55d1800b3430_0 {0 0 0};
T_2.14 ;
    %vpi_call 5 75 "$display", "        F1-Busy : %h", &A<v0x55d1800b32f0, 1> {0 0 0};
    %ix/load 4, 1, 0;
    %flag_set/imm 4, 0;
    %load/vec4a v0x55d1800b32f0, 4;
    %flag_set/vec4 8;
    %jmp/0xz  T_2.16, 8;
    %vpi_call 5 77 "$display", "        Executing : %h\012 ", v0x55d1800b3510_0 {0 0 0};
T_2.16 ;
    %load/vec4 v0x55d1800b3eb0_0;
    %cmpi/e 1, 0, 1;
    %jmp/0xz  T_2.18, 4;
    %pushi/vec4 1, 0, 1;
    %store/vec4 v0x55d1800b3f70_0, 0, 1;
    %vpi_call 5 82 "$display", "        Instruction : %h , Execution Complete\012", v0x55d1800b3430_0 {0 0 0};
    %vpi_call 5 83 "$display", "        Functional Unit: F0" {0 0 0};
    %vpi_call 5 84 "$display", "        Result : %h \012", v0x55d1800b3dd0_0 {0 0 0};
    %pushi/vec4 0, 0, 1;
    %store/vec4 v0x55d1800b3eb0_0, 0, 1;
T_2.18 ;
    %load/vec4 v0x55d1800b4110_0;
    %cmpi/e 1, 0, 1;
    %jmp/0xz  T_2.20, 4;
    %pushi/vec4 1, 0, 1;
    %store/vec4 v0x55d1800b41d0_0, 0, 1;
    %vpi_call 5 90 "$display", "        Instruction : %h , Execution Complete\012", v0x55d1800b3510_0 {0 0 0};
    %vpi_call 5 91 "$display", "        Functional Unit: F1" {0 0 0};
    %vpi_call 5 92 "$display", "        Result : %h \012", v0x55d1800b4030_0 {0 0 0};
    %pushi/vec4 0, 0, 1;
    %store/vec4 v0x55d1800b4110_0, 0, 1;
T_2.20 ;
    %jmp T_2;
    .thread T_2;
    .scope S_0x55d1800b1c60;
T_3 ;
    %wait E_0x55d17ffae840;
    %delay 6, 0;
    %vpi_call 5 99 "$display", "EXECUTION2 STAGE : \012" {0 0 0};
    %pushi/vec4 0, 0, 32;
    %store/vec4 v0x55d180028b20_0, 0, 32;
T_3.0 ;
    %load/vec4 v0x55d180028b20_0;
    %cmpi/s 4, 0, 32;
    %jmp/0xz T_3.1, 5;
    %ix/getv/s 4, v0x55d180028b20_0;
    %load/vec4a v0x55d1800b4890, 4;
    %load/vec4 v0x55d1800b4350_0;
    %nor/r;
    %and;
    %ix/getv/s 4, v0x55d180028b20_0;
    %load/vec4a v0x55d1800b4650, 4;
    %nor/r;
    %and;
    %flag_set/vec4 8;
    %jmp/0xz  T_3.2, 8;
    %load/vec4 v0x55d180028b20_0;
    %store/vec4 v0x55d1800b27b0_0, 0, 32;
    %ix/getv/s 4, v0x55d180028b20_0;
    %load/vec4a v0x55d1800b4590, 4;
    %store/vec4 v0x55d1800b44b0_0, 0, 16;
    %ix/getv/s 4, v0x55d180028b20_0;
    %load/vec4a v0x55d1800b47d0, 4;
    %cmpi/e 2, 0, 4;
    %jmp/0xz  T_3.4, 4;
    %ix/getv/s 4, v0x55d180028b20_0;
    %load/vec4a v0x55d1800b4930, 4;
    %ix/getv/s 4, v0x55d180028b20_0;
    %load/vec4a v0x55d1800b4b50, 4;
    %mul;
    %assign/vec4 v0x55d1800b4d70_0, 70;
    %pushi/vec4 1, 0, 1;
    %assign/vec4 v0x55d1800b4e50_0, 70;
    %vpi_call 5 112 "$display", "        Intruction : %h , Executing", v0x55d1800b44b0_0 {0 0 0};
    %vpi_call 5 113 "$display", "        Functional Unit : F3" {0 0 0};
    %vpi_call 5 114 "$display", "        Multiplying : %h * %h\012", &A<v0x55d1800b4930, v0x55d180028b20_0 >, &A<v0x55d1800b4b50, v0x55d180028b20_0 > {0 0 0};
    %jmp T_3.5;
T_3.4 ;
    %ix/getv/s 4, v0x55d180028b20_0;
    %load/vec4a v0x55d1800b47d0, 4;
    %cmpi/e 3, 0, 4;
    %jmp/0xz  T_3.6, 4;
    %ix/getv/s 4, v0x55d180028b20_0;
    %load/vec4a v0x55d1800b4930, 4;
    %ix/getv/s 4, v0x55d180028b20_0;
    %load/vec4a v0x55d1800b4b50, 4;
    %div;
    %assign/vec4 v0x55d1800b4d70_0, 70;
    %pushi/vec4 1, 0, 1;
    %assign/vec4 v0x55d1800b4e50_0, 70;
    %vpi_call 5 121 "$display", "        Intruction : %h , Executing", v0x55d1800b44b0_0 {0 0 0};
    %vpi_call 5 122 "$display", "        Functional Unit : F3" {0 0 0};
    %vpi_call 5 123 "$display", "        Dividing : %h / %h\012", &A<v0x55d1800b4b50, v0x55d180028b20_0 >, &A<v0x55d1800b4b50, v0x55d180028b20_0 > {0 0 0};
T_3.6 ;
T_3.5 ;
    %pushi/vec4 1, 0, 1;
    %ix/getv/s 4, v0x55d180028b20_0;
    %store/vec4a v0x55d1800b4650, 4, 0;
    %pushi/vec4 1, 0, 1;
    %store/vec4 v0x55d1800b4350_0, 0, 1;
    %load/vec4 v0x55d180028b20_0;
    %addi 1, 0, 32;
    %store/vec4 v0x55d180028b20_0, 0, 32;
    %jmp T_3.3;
T_3.2 ;
    %load/vec4 v0x55d180028b20_0;
    %addi 1, 0, 32;
    %store/vec4 v0x55d180028b20_0, 0, 32;
T_3.3 ;
    %jmp T_3.0;
T_3.1 ;
    %vpi_call 5 133 "$display", "        F3-Busy : %h", v0x55d1800b4350_0 {0 0 0};
    %load/vec4 v0x55d1800b4350_0;
    %flag_set/vec4 8;
    %jmp/0xz  T_3.8, 8;
    %vpi_call 5 135 "$display", "        Executing : %h\012", v0x55d1800b44b0_0 {0 0 0};
T_3.8 ;
    %load/vec4 v0x55d1800b4e50_0;
    %cmpi/e 1, 0, 1;
    %jmp/0xz  T_3.10, 4;
    %pushi/vec4 1, 0, 1;
    %store/vec4 v0x55d1800b4f10_0, 0, 1;
    %vpi_call 5 139 "$display", "        Instruction : %h , Execution Complete", v0x55d1800b44b0_0 {0 0 0};
    %vpi_call 5 140 "$display", "        Functional Unit: F3" {0 0 0};
    %vpi_call 5 141 "$display", "        Result : %h \012", v0x55d1800b4d70_0 {0 0 0};
    %pushi/vec4 0, 0, 1;
    %store/vec4 v0x55d1800b4e50_0, 0, 1;
T_3.10 ;
    %jmp T_3;
    .thread T_3;
    .scope S_0x55d1800b2080;
T_4 ;
    %wait E_0x55d17ffae840;
    %delay 2, 0;
    %vpi_call 6 10 "$display", "WRITE BACK STAGE : \012", " " {0 0 0};
    %load/vec4 v0x55d1800b3f70_0;
    %cmpi/e 1, 0, 1;
    %jmp/0xz  T_4.0, 4;
    %vpi_call 6 14 "$display", "        Instruction : %h , Written Back\012", v0x55d1800b3430_0 {0 0 0};
    %load/vec4 v0x55d1800b3dd0_0;
    %ix/getv/s 5, v0x55d1800b25a0_0;
    %load/vec4a v0x55d1800b3230, 5;
    %pad/u 5;
    %ix/vec4 4;
    %store/vec4a v0x55d1800b5090, 4, 0;
    %pushi/vec4 1, 0, 1;
    %ix/getv/s 5, v0x55d1800b25a0_0;
    %load/vec4a v0x55d1800b3230, 5;
    %pad/u 5;
    %ix/vec4 4;
    %store/vec4a v0x55d1800b5490, 4, 0;
    %vpi_call 6 20 "$display", "        ROB\012" {0 0 0};
    %vpi_call 6 21 "$display", "        1.Index : %h", &A<v0x55d1800b3230, v0x55d1800b25a0_0 > {0 0 0};
    %ix/getv/s 5, v0x55d1800b25a0_0;
    %load/vec4a v0x55d1800b3230, 5;
    %pad/u 5;
    %ix/vec4 4;
    %load/vec4a v0x55d1800b4fd0, 4;
    %vpi_call 6 22 "$display", "        2.Rd : %h", S<0,vec4,u4> {1 0 0};
    %vpi_call 6 23 "$display", "        3.Value : %h", v0x55d1800b3dd0_0 {0 0 0};
    %ix/getv/s 5, v0x55d1800b25a0_0;
    %load/vec4a v0x55d1800b3230, 5;
    %pad/u 5;
    %ix/vec4 4;
    %load/vec4a v0x55d1800b5490, 4;
    %vpi_call 6 24 "$display", "        4.Ready to Retire : %h", S<0,vec4,u1> {1 0 0};
    %ix/getv/s 5, v0x55d1800b25a0_0;
    %load/vec4a v0x55d1800b3230, 5;
    %pad/u 5;
    %ix/vec4 4;
    %load/vec4a v0x55d1800b2440, 4;
    %vpi_call 6 25 "$display", "        5.Committed : %h\012", S<0,vec4,u1> {1 0 0};
    %pushi/vec4 1, 0, 1;
    %ix/getv/s 4, v0x55d1800b25a0_0;
    %store/vec4a v0x55d1800b3390, 4, 0;
    %load/vec4 v0x55d1800b3750_0;
    %subi 1, 0, 32;
    %store/vec4 v0x55d1800b3750_0, 0, 32;
    %vpi_call 6 30 "$display", "        Reservation Station 1\012" {0 0 0};
    %vpi_call 6 31 "$display", "        Index : %h", v0x55d1800b25a0_0 {0 0 0};
    %vpi_call 6 32 "$display", "        Free : %h\012", &A<v0x55d1800b3390, v0x55d1800b25a0_0 > {0 0 0};
    %pushi/vec4 0, 0, 1;
    %ix/load 4, 0, 0;
    %flag_set/imm 4, 0;
    %store/vec4a v0x55d1800b32f0, 4, 0;
    %pushi/vec4 0, 0, 1;
    %store/vec4 v0x55d1800b3f70_0, 0, 1;
    %vpi_call 6 39 "$display", "         Updates\012" {0 0 0};
    %pushi/vec4 0, 0, 32;
    %store/vec4 v0x55d180064f70_0, 0, 32;
T_4.2 ;
    %load/vec4 v0x55d180064f70_0;
    %cmpi/s 4, 0, 32;
    %jmp/0xz T_4.3, 5;
    %ix/getv/s 4, v0x55d180064f70_0;
    %load/vec4a v0x55d1800b3b10, 4;
    %nor/r;
    %ix/getv/s 4, v0x55d180064f70_0;
    %load/vec4a v0x55d1800b3a50, 4;
    %ix/getv/s 4, v0x55d1800b25a0_0;
    %load/vec4a v0x55d1800b3230, 4;
    %cmp/e;
    %flag_get/vec4 4;
    %and;
    %flag_set/vec4 8;
    %jmp/0xz  T_4.4, 8;
    %vpi_call 6 47 "$display", "        RS : 1" {0 0 0};
    %load/vec4 v0x55d1800b3dd0_0;
    %ix/getv/s 4, v0x55d180064f70_0;
    %store/vec4a v0x55d1800b3990, 4, 0;
    %vpi_call 6 49 "$display", "        Index : %d", v0x55d180064f70_0 {0 0 0};
    %vpi_call 6 50 "$display", "        Rs1 : %h\012", &A<v0x55d1800b3990, v0x55d180064f70_0 > {0 0 0};
    %pushi/vec4 1, 0, 1;
    %ix/getv/s 4, v0x55d180064f70_0;
    %store/vec4a v0x55d1800b3b10, 4, 0;
T_4.4 ;
    %ix/getv/s 4, v0x55d180064f70_0;
    %load/vec4a v0x55d1800b3d30, 4;
    %nor/r;
    %ix/getv/s 4, v0x55d180064f70_0;
    %load/vec4a v0x55d1800b3c70, 4;
    %ix/getv/s 4, v0x55d1800b25a0_0;
    %load/vec4a v0x55d1800b3230, 4;
    %cmp/e;
    %flag_get/vec4 4;
    %and;
    %flag_set/vec4 8;
    %jmp/0xz  T_4.6, 8;
    %vpi_call 6 57 "$display", "        RS : 1 " {0 0 0};
    %load/vec4 v0x55d1800b3dd0_0;
    %ix/getv/s 4, v0x55d180064f70_0;
    %store/vec4a v0x55d1800b3bb0, 4, 0;
    %vpi_call 6 59 "$display", "        Index : %d", v0x55d180064f70_0 {0 0 0};
    %vpi_call 6 60 "$display", "        Rs2 : %h\012", &A<v0x55d1800b3bb0, v0x55d180064f70_0 > {0 0 0};
    %pushi/vec4 1, 0, 1;
    %ix/getv/s 4, v0x55d180064f70_0;
    %store/vec4a v0x55d1800b3d30, 4, 0;
T_4.6 ;
    %ix/getv/s 4, v0x55d180064f70_0;
    %load/vec4a v0x55d1800b3b10, 4;
    %ix/getv/s 4, v0x55d180064f70_0;
    %load/vec4a v0x55d1800b3d30, 4;
    %and;
    %flag_set/vec4 8;
    %jmp/0xz  T_4.8, 8;
    %vpi_call 6 67 "$display", "        RS : 1" {0 0 0};
    %pushi/vec4 1, 0, 1;
    %ix/getv/s 4, v0x55d180064f70_0;
    %store/vec4a v0x55d1800b38f0, 4, 0;
    %vpi_call 6 69 "$display", "        Index : %d", v0x55d180064f70_0 {0 0 0};
    %vpi_call 6 70 "$display", "        Ready : %h\012", &A<v0x55d1800b38f0, v0x55d180064f70_0 > {0 0 0};
T_4.8 ;
    %ix/getv/s 4, v0x55d180064f70_0;
    %load/vec4a v0x55d1800b4ab0, 4;
    %nor/r;
    %ix/getv/s 4, v0x55d180064f70_0;
    %load/vec4a v0x55d1800b49f0, 4;
    %ix/getv/s 4, v0x55d1800b25a0_0;
    %load/vec4a v0x55d1800b3230, 4;
    %cmp/e;
    %flag_get/vec4 4;
    %and;
    %flag_set/vec4 8;
    %jmp/0xz  T_4.10, 8;
    %load/vec4 v0x55d1800b3dd0_0;
    %ix/getv/s 4, v0x55d180064f70_0;
    %store/vec4a v0x55d1800b4930, 4, 0;
    %pushi/vec4 1, 0, 1;
    %ix/getv/s 4, v0x55d180064f70_0;
    %store/vec4a v0x55d1800b4ab0, 4, 0;
    %vpi_call 6 82 "$display", "        RS : 2" {0 0 0};
    %vpi_call 6 83 "$display", "        Index : %d", v0x55d180064f70_0 {0 0 0};
    %vpi_call 6 84 "$display", "        Rs1 : %h\012", &A<v0x55d1800b4930, v0x55d180064f70_0 > {0 0 0};
T_4.10 ;
    %ix/getv/s 4, v0x55d180064f70_0;
    %load/vec4a v0x55d1800b4cd0, 4;
    %nor/r;
    %ix/getv/s 4, v0x55d180064f70_0;
    %load/vec4a v0x55d1800b4c10, 4;
    %ix/getv/s 4, v0x55d1800b25a0_0;
    %load/vec4a v0x55d1800b3230, 4;
    %cmp/e;
    %flag_get/vec4 4;
    %and;
    %flag_set/vec4 8;
    %jmp/0xz  T_4.12, 8;
    %load/vec4 v0x55d1800b3dd0_0;
    %ix/getv/s 4, v0x55d180064f70_0;
    %store/vec4a v0x55d1800b4b50, 4, 0;
    %pushi/vec4 1, 0, 1;
    %ix/getv/s 4, v0x55d180064f70_0;
    %store/vec4a v0x55d1800b4cd0, 4, 0;
    %vpi_call 6 92 "$display", "        RS : 2" {0 0 0};
    %vpi_call 6 93 "$display", "        Index : %d", v0x55d180064f70_0 {0 0 0};
    %vpi_call 6 94 "$display", "        Rs2 : %h\012", &A<v0x55d1800b4b50, v0x55d180064f70_0 > {0 0 0};
T_4.12 ;
    %ix/getv/s 4, v0x55d180064f70_0;
    %load/vec4a v0x55d1800b4ab0, 4;
    %ix/getv/s 4, v0x55d180064f70_0;
    %load/vec4a v0x55d1800b4cd0, 4;
    %and;
    %flag_set/vec4 8;
    %jmp/0xz  T_4.14, 8;
    %pushi/vec4 1, 0, 1;
    %ix/getv/s 4, v0x55d180064f70_0;
    %store/vec4a v0x55d1800b4890, 4, 0;
    %vpi_call 6 100 "$display", "        RS : 2" {0 0 0};
    %vpi_call 6 101 "$display", "        Index : %d", v0x55d180064f70_0 {0 0 0};
    %vpi_call 6 102 "$display", "        Ready : %h\012", &A<v0x55d1800b4890, v0x55d180064f70_0 > {0 0 0};
T_4.14 ;
    %load/vec4 v0x55d180064f70_0;
    %addi 1, 0, 32;
    %store/vec4 v0x55d180064f70_0, 0, 32;
    %jmp T_4.2;
T_4.3 ;
T_4.0 ;
    %jmp T_4;
    .thread T_4;
    .scope S_0x55d1800b2080;
T_5 ;
    %wait E_0x55d17ffae840;
    %delay 3, 0;
    %load/vec4 v0x55d1800b41d0_0;
    %cmpi/e 1, 0, 1;
    %jmp/0xz  T_5.0, 4;
    %vpi_call 6 116 "$display", "        Instruction : %h , Written Back\012", v0x55d1800b3510_0 {0 0 0};
    %load/vec4 v0x55d1800b4030_0;
    %ix/getv/s 5, v0x55d1800b2680_0;
    %load/vec4a v0x55d1800b3230, 5;
    %pad/u 5;
    %ix/vec4 4;
    %store/vec4a v0x55d1800b5090, 4, 0;
    %pushi/vec4 1, 0, 1;
    %ix/getv/s 5, v0x55d1800b2680_0;
    %load/vec4a v0x55d1800b3230, 5;
    %pad/u 5;
    %ix/vec4 4;
    %store/vec4a v0x55d1800b5490, 4, 0;
    %vpi_call 6 122 "$display", "        ROB\012" {0 0 0};
    %vpi_call 6 123 "$display", "        1.Index : %h", &A<v0x55d1800b3230, v0x55d1800b2680_0 > {0 0 0};
    %ix/getv/s 5, v0x55d1800b2680_0;
    %load/vec4a v0x55d1800b3230, 5;
    %pad/u 5;
    %ix/vec4 4;
    %load/vec4a v0x55d1800b4fd0, 4;
    %vpi_call 6 124 "$display", "        2.Rd : %h", S<0,vec4,u4> {1 0 0};
    %vpi_call 6 125 "$display", "        3.Value : %h", v0x55d1800b4030_0 {0 0 0};
    %ix/getv/s 5, v0x55d1800b2680_0;
    %load/vec4a v0x55d1800b3230, 5;
    %pad/u 5;
    %ix/vec4 4;
    %load/vec4a v0x55d1800b5490, 4;
    %vpi_call 6 126 "$display", "        4.Ready to Retire : %h", S<0,vec4,u1> {1 0 0};
    %ix/getv/s 5, v0x55d1800b2680_0;
    %load/vec4a v0x55d1800b3230, 5;
    %pad/u 5;
    %ix/vec4 4;
    %load/vec4a v0x55d1800b2440, 4;
    %vpi_call 6 127 "$display", "        5.Committed : %h\012", S<0,vec4,u1> {1 0 0};
    %pushi/vec4 1, 0, 1;
    %ix/getv/s 4, v0x55d1800b2680_0;
    %store/vec4a v0x55d1800b3390, 4, 0;
    %load/vec4 v0x55d1800b3750_0;
    %subi 1, 0, 32;
    %store/vec4 v0x55d1800b3750_0, 0, 32;
    %pushi/vec4 0, 0, 1;
    %ix/load 4, 1, 0;
    %flag_set/imm 4, 0;
    %store/vec4a v0x55d1800b32f0, 4, 0;
    %pushi/vec4 0, 0, 1;
    %store/vec4 v0x55d1800b41d0_0, 0, 1;
    %vpi_call 6 139 "$display", "        Reservation Station 1\012" {0 0 0};
    %vpi_call 6 140 "$display", "        Index : %h", v0x55d1800b2680_0 {0 0 0};
    %vpi_call 6 141 "$display", "        Free : %h\012", &A<v0x55d1800b3390, v0x55d1800b2680_0 > {0 0 0};
    %vpi_call 6 143 "$display", "        Updates\012" {0 0 0};
    %pushi/vec4 0, 0, 32;
    %store/vec4 v0x55d180058cb0_0, 0, 32;
T_5.2 ;
    %load/vec4 v0x55d180058cb0_0;
    %cmpi/s 4, 0, 32;
    %jmp/0xz T_5.3, 5;
    %ix/getv/s 4, v0x55d180058cb0_0;
    %load/vec4a v0x55d1800b3b10, 4;
    %nor/r;
    %ix/getv/s 4, v0x55d180058cb0_0;
    %load/vec4a v0x55d1800b3a50, 4;
    %ix/getv/s 4, v0x55d1800b2680_0;
    %load/vec4a v0x55d1800b3230, 4;
    %cmp/e;
    %flag_get/vec4 4;
    %and;
    %flag_set/vec4 8;
    %jmp/0xz  T_5.4, 8;
    %load/vec4 v0x55d1800b4030_0;
    %ix/getv/s 4, v0x55d180058cb0_0;
    %store/vec4a v0x55d1800b3990, 4, 0;
    %pushi/vec4 1, 0, 1;
    %ix/getv/s 4, v0x55d180058cb0_0;
    %store/vec4a v0x55d1800b3b10, 4, 0;
    %vpi_call 6 152 "$display", "        RS : 1" {0 0 0};
    %vpi_call 6 153 "$display", "        Index : %d", v0x55d180058cb0_0 {0 0 0};
    %vpi_call 6 154 "$display", "        Rs1 : %h\012", &A<v0x55d1800b3990, v0x55d180058cb0_0 > {0 0 0};
T_5.4 ;
    %ix/getv/s 4, v0x55d180058cb0_0;
    %load/vec4a v0x55d1800b3d30, 4;
    %nor/r;
    %ix/getv/s 4, v0x55d180058cb0_0;
    %load/vec4a v0x55d1800b3c70, 4;
    %ix/getv/s 4, v0x55d1800b2680_0;
    %load/vec4a v0x55d1800b3230, 4;
    %cmp/e;
    %flag_get/vec4 4;
    %and;
    %flag_set/vec4 8;
    %jmp/0xz  T_5.6, 8;
    %load/vec4 v0x55d1800b4030_0;
    %ix/getv/s 4, v0x55d180058cb0_0;
    %store/vec4a v0x55d1800b3bb0, 4, 0;
    %pushi/vec4 1, 0, 1;
    %ix/getv/s 4, v0x55d180058cb0_0;
    %store/vec4a v0x55d1800b3d30, 4, 0;
    %vpi_call 6 161 "$display", "        RS : 1" {0 0 0};
    %vpi_call 6 162 "$display", "        Index : %d", v0x55d180058cb0_0 {0 0 0};
    %vpi_call 6 163 "$display", "        Rs2 : %h\012", &A<v0x55d1800b3bb0, v0x55d180058cb0_0 > {0 0 0};
T_5.6 ;
    %ix/getv/s 4, v0x55d180058cb0_0;
    %load/vec4a v0x55d1800b3b10, 4;
    %ix/getv/s 4, v0x55d180058cb0_0;
    %load/vec4a v0x55d1800b3d30, 4;
    %and;
    %flag_set/vec4 8;
    %jmp/0xz  T_5.8, 8;
    %pushi/vec4 1, 0, 1;
    %ix/getv/s 4, v0x55d180058cb0_0;
    %store/vec4a v0x55d1800b38f0, 4, 0;
    %vpi_call 6 169 "$display", "        RS : 1" {0 0 0};
    %vpi_call 6 170 "$display", "        Index : %d", v0x55d180058cb0_0 {0 0 0};
    %vpi_call 6 171 "$display", "        Ready : %h\012", &A<v0x55d1800b38f0, v0x55d180058cb0_0 > {0 0 0};
T_5.8 ;
    %ix/getv/s 4, v0x55d180058cb0_0;
    %load/vec4a v0x55d1800b4ab0, 4;
    %nor/r;
    %ix/getv/s 4, v0x55d180058cb0_0;
    %load/vec4a v0x55d1800b49f0, 4;
    %ix/getv/s 4, v0x55d1800b2680_0;
    %load/vec4a v0x55d1800b3230, 4;
    %cmp/e;
    %flag_get/vec4 4;
    %and;
    %flag_set/vec4 8;
    %jmp/0xz  T_5.10, 8;
    %load/vec4 v0x55d1800b4030_0;
    %ix/getv/s 4, v0x55d180058cb0_0;
    %store/vec4a v0x55d1800b4930, 4, 0;
    %pushi/vec4 1, 0, 1;
    %ix/getv/s 4, v0x55d180058cb0_0;
    %store/vec4a v0x55d1800b4ab0, 4, 0;
    %vpi_call 6 179 "$display", "        RS : 2" {0 0 0};
    %vpi_call 6 180 "$display", "        Index : %d", v0x55d180058cb0_0 {0 0 0};
    %vpi_call 6 181 "$display", "        Rs1 : %h\012", &A<v0x55d1800b4930, v0x55d180058cb0_0 > {0 0 0};
T_5.10 ;
    %ix/getv/s 4, v0x55d180058cb0_0;
    %load/vec4a v0x55d1800b4cd0, 4;
    %nor/r;
    %ix/getv/s 4, v0x55d180058cb0_0;
    %load/vec4a v0x55d1800b4c10, 4;
    %ix/getv/s 4, v0x55d1800b2680_0;
    %load/vec4a v0x55d1800b3230, 4;
    %cmp/e;
    %flag_get/vec4 4;
    %and;
    %flag_set/vec4 8;
    %jmp/0xz  T_5.12, 8;
    %load/vec4 v0x55d1800b4030_0;
    %ix/getv/s 4, v0x55d180058cb0_0;
    %store/vec4a v0x55d1800b4b50, 4, 0;
    %pushi/vec4 1, 0, 1;
    %ix/getv/s 4, v0x55d180058cb0_0;
    %store/vec4a v0x55d1800b4cd0, 4, 0;
    %vpi_call 6 188 "$display", "        RS : 2" {0 0 0};
    %vpi_call 6 189 "$display", "        Index : %d", v0x55d180058cb0_0 {0 0 0};
    %vpi_call 6 190 "$display", "        Rs2 : %h\012", &A<v0x55d1800b4b50, v0x55d180058cb0_0 > {0 0 0};
T_5.12 ;
    %ix/getv/s 4, v0x55d180058cb0_0;
    %load/vec4a v0x55d1800b4ab0, 4;
    %ix/getv/s 4, v0x55d180058cb0_0;
    %load/vec4a v0x55d1800b4cd0, 4;
    %and;
    %flag_set/vec4 8;
    %jmp/0xz  T_5.14, 8;
    %pushi/vec4 1, 0, 1;
    %ix/getv/s 4, v0x55d180058cb0_0;
    %store/vec4a v0x55d1800b4890, 4, 0;
    %vpi_call 6 196 "$display", "        RS : 2" {0 0 0};
    %vpi_call 6 197 "$display", "        Index : %d", v0x55d180058cb0_0 {0 0 0};
    %vpi_call 6 198 "$display", "        Ready : %h\012", &A<v0x55d1800b4890, v0x55d180058cb0_0 > {0 0 0};
T_5.14 ;
    %load/vec4 v0x55d180058cb0_0;
    %addi 1, 0, 32;
    %store/vec4 v0x55d180058cb0_0, 0, 32;
    %jmp T_5.2;
T_5.3 ;
T_5.0 ;
    %jmp T_5;
    .thread T_5;
    .scope S_0x55d1800b2080;
T_6 ;
    %wait E_0x55d17ffae840;
    %delay 4, 0;
    %load/vec4 v0x55d1800b4f10_0;
    %cmpi/e 1, 0, 1;
    %jmp/0xz  T_6.0, 4;
    %vpi_call 6 213 "$display", "        Instruction : %h , Written Back\012", v0x55d1800b44b0_0 {0 0 0};
    %pushi/vec4 0, 0, 1;
    %ix/getv/s 5, v0x55d1800b27b0_0;
    %load/vec4a v0x55d1800b4290, 5;
    %pad/u 5;
    %ix/vec4 4;
    %store/vec4a v0x55d1800b2440, 4, 0;
    %pushi/vec4 1, 0, 1;
    %ix/getv/s 5, v0x55d1800b27b0_0;
    %load/vec4a v0x55d1800b4290, 5;
    %pad/u 5;
    %ix/vec4 4;
    %store/vec4a v0x55d1800b5490, 4, 0;
    %load/vec4 v0x55d1800b4d70_0;
    %ix/getv/s 5, v0x55d1800b27b0_0;
    %load/vec4a v0x55d1800b4290, 5;
    %pad/u 5;
    %ix/vec4 4;
    %store/vec4a v0x55d1800b5090, 4, 0;
    %vpi_call 6 219 "$display", "        ROB\012" {0 0 0};
    %vpi_call 6 220 "$display", "        1.Index : %h", &A<v0x55d1800b4290, v0x55d1800b27b0_0 > {0 0 0};
    %ix/getv/s 5, v0x55d1800b27b0_0;
    %load/vec4a v0x55d1800b4290, 5;
    %pad/u 5;
    %ix/vec4 4;
    %load/vec4a v0x55d1800b4fd0, 4;
    %vpi_call 6 221 "$display", "        2.Rd : %h", S<0,vec4,u4> {1 0 0};
    %vpi_call 6 222 "$display", "        3.Value : %h", v0x55d1800b4d70_0 {0 0 0};
    %ix/getv/s 5, v0x55d1800b27b0_0;
    %load/vec4a v0x55d1800b4290, 5;
    %pad/u 5;
    %ix/vec4 4;
    %load/vec4a v0x55d1800b5490, 4;
    %vpi_call 6 223 "$display", "        4.Ready to Retire : %h", S<0,vec4,u1> {1 0 0};
    %ix/getv/s 5, v0x55d1800b27b0_0;
    %load/vec4a v0x55d1800b4290, 5;
    %pad/u 5;
    %ix/vec4 4;
    %load/vec4a v0x55d1800b2440, 4;
    %vpi_call 6 224 "$display", "        5.Committed : %h\012", S<0,vec4,u1> {1 0 0};
    %pushi/vec4 1, 0, 1;
    %ix/getv/s 4, v0x55d1800b27b0_0;
    %store/vec4a v0x55d1800b4410, 4, 0;
    %load/vec4 v0x55d1800b46f0_0;
    %subi 1, 0, 32;
    %store/vec4 v0x55d1800b46f0_0, 0, 32;
    %pushi/vec4 0, 0, 1;
    %store/vec4 v0x55d1800b4350_0, 0, 1;
    %pushi/vec4 0, 0, 1;
    %store/vec4 v0x55d1800b4f10_0, 0, 1;
    %vpi_call 6 236 "$display", "        Reservation Station 2\012" {0 0 0};
    %vpi_call 6 237 "$display", "        Index : %h", v0x55d1800b27b0_0 {0 0 0};
    %vpi_call 6 238 "$display", "        Free : %h\012", &A<v0x55d1800b4410, v0x55d1800b27b0_0 > {0 0 0};
    %vpi_call 6 240 "$display", "        Updates\012" {0 0 0};
    %pushi/vec4 0, 0, 32;
    %store/vec4 v0x55d18006ad70_0, 0, 32;
T_6.2 ;
    %load/vec4 v0x55d18006ad70_0;
    %cmpi/s 4, 0, 32;
    %jmp/0xz T_6.3, 5;
    %ix/getv/s 4, v0x55d18006ad70_0;
    %load/vec4a v0x55d1800b4ab0, 4;
    %nor/r;
    %ix/getv/s 4, v0x55d18006ad70_0;
    %load/vec4a v0x55d1800b49f0, 4;
    %ix/getv/s 4, v0x55d1800b27b0_0;
    %load/vec4a v0x55d1800b4290, 4;
    %cmp/e;
    %flag_get/vec4 4;
    %and;
    %flag_set/vec4 8;
    %jmp/0xz  T_6.4, 8;
    %load/vec4 v0x55d1800b4d70_0;
    %ix/getv/s 4, v0x55d18006ad70_0;
    %store/vec4a v0x55d1800b4930, 4, 0;
    %pushi/vec4 1, 0, 1;
    %ix/getv/s 4, v0x55d18006ad70_0;
    %store/vec4a v0x55d1800b4ab0, 4, 0;
    %vpi_call 6 249 "$display", "        RS :  2" {0 0 0};
    %vpi_call 6 250 "$display", "        Index : %d", v0x55d18006ad70_0 {0 0 0};
    %vpi_call 6 251 "$display", "        Rs1 : %h\012", &A<v0x55d1800b4930, v0x55d18006ad70_0 > {0 0 0};
T_6.4 ;
    %ix/getv/s 4, v0x55d18006ad70_0;
    %load/vec4a v0x55d1800b4cd0, 4;
    %nor/r;
    %ix/getv/s 4, v0x55d18006ad70_0;
    %load/vec4a v0x55d1800b4c10, 4;
    %ix/getv/s 4, v0x55d1800b27b0_0;
    %load/vec4a v0x55d1800b4290, 4;
    %cmp/e;
    %flag_get/vec4 4;
    %and;
    %flag_set/vec4 8;
    %jmp/0xz  T_6.6, 8;
    %load/vec4 v0x55d1800b4d70_0;
    %ix/getv/s 4, v0x55d18006ad70_0;
    %store/vec4a v0x55d1800b4b50, 4, 0;
    %pushi/vec4 1, 0, 1;
    %ix/getv/s 4, v0x55d18006ad70_0;
    %store/vec4a v0x55d1800b4cd0, 4, 0;
    %vpi_call 6 258 "$display", "        RS :  2" {0 0 0};
    %vpi_call 6 259 "$display", "        Index : %d", v0x55d18006ad70_0 {0 0 0};
    %vpi_call 6 260 "$display", "        Rs2 : %h\012", &A<v0x55d1800b4b50, v0x55d18006ad70_0 > {0 0 0};
T_6.6 ;
    %ix/getv/s 4, v0x55d18006ad70_0;
    %load/vec4a v0x55d1800b4ab0, 4;
    %ix/getv/s 4, v0x55d18006ad70_0;
    %load/vec4a v0x55d1800b4cd0, 4;
    %and;
    %flag_set/vec4 8;
    %jmp/0xz  T_6.8, 8;
    %pushi/vec4 1, 0, 1;
    %ix/getv/s 4, v0x55d18006ad70_0;
    %store/vec4a v0x55d1800b4890, 4, 0;
    %vpi_call 6 266 "$display", "        RS : 2" {0 0 0};
    %vpi_call 6 267 "$display", "        Index : %d", v0x55d18006ad70_0 {0 0 0};
    %vpi_call 6 268 "$display", "        Ready : %h\012", &A<v0x55d1800b4890, v0x55d18006ad70_0 > {0 0 0};
T_6.8 ;
    %ix/getv/s 4, v0x55d18006ad70_0;
    %load/vec4a v0x55d1800b3b10, 4;
    %nor/r;
    %ix/getv/s 4, v0x55d18006ad70_0;
    %load/vec4a v0x55d1800b3a50, 4;
    %ix/getv/s 4, v0x55d1800b27b0_0;
    %load/vec4a v0x55d1800b4290, 4;
    %cmp/e;
    %flag_get/vec4 4;
    %and;
    %flag_set/vec4 8;
    %jmp/0xz  T_6.10, 8;
    %load/vec4 v0x55d1800b4d70_0;
    %ix/getv/s 4, v0x55d18006ad70_0;
    %store/vec4a v0x55d1800b3990, 4, 0;
    %pushi/vec4 1, 0, 1;
    %ix/getv/s 4, v0x55d18006ad70_0;
    %store/vec4a v0x55d1800b3b10, 4, 0;
    %vpi_call 6 275 "$display", "        RS :  1" {0 0 0};
    %vpi_call 6 276 "$display", "        Index : %d", v0x55d18006ad70_0 {0 0 0};
    %vpi_call 6 277 "$display", "        Rs1 : %h\012", &A<v0x55d1800b3990, v0x55d18006ad70_0 > {0 0 0};
T_6.10 ;
    %ix/getv/s 4, v0x55d18006ad70_0;
    %load/vec4a v0x55d1800b3d30, 4;
    %nor/r;
    %ix/getv/s 4, v0x55d18006ad70_0;
    %load/vec4a v0x55d1800b3c70, 4;
    %ix/getv/s 4, v0x55d1800b27b0_0;
    %load/vec4a v0x55d1800b4290, 4;
    %cmp/e;
    %flag_get/vec4 4;
    %and;
    %flag_set/vec4 8;
    %jmp/0xz  T_6.12, 8;
    %load/vec4 v0x55d1800b4d70_0;
    %ix/getv/s 4, v0x55d18006ad70_0;
    %store/vec4a v0x55d1800b3bb0, 4, 0;
    %pushi/vec4 1, 0, 1;
    %ix/getv/s 4, v0x55d18006ad70_0;
    %store/vec4a v0x55d1800b3d30, 4, 0;
    %vpi_call 6 284 "$display", "        RS :  2" {0 0 0};
    %vpi_call 6 285 "$display", "        Index : %d", v0x55d18006ad70_0 {0 0 0};
    %vpi_call 6 286 "$display", "        Rs2 : %h\012", &A<v0x55d1800b3bb0, v0x55d18006ad70_0 > {0 0 0};
T_6.12 ;
    %ix/getv/s 4, v0x55d18006ad70_0;
    %load/vec4a v0x55d1800b3b10, 4;
    %ix/getv/s 4, v0x55d18006ad70_0;
    %load/vec4a v0x55d1800b3d30, 4;
    %and;
    %flag_set/vec4 8;
    %jmp/0xz  T_6.14, 8;
    %pushi/vec4 1, 0, 1;
    %ix/getv/s 4, v0x55d18006ad70_0;
    %store/vec4a v0x55d1800b38f0, 4, 0;
    %vpi_call 6 292 "$display", "        RS : 1" {0 0 0};
    %vpi_call 6 293 "$display", "        Index : %d", v0x55d18006ad70_0 {0 0 0};
    %vpi_call 6 294 "$display", "        Ready : %h\012", &A<v0x55d1800b38f0, v0x55d18006ad70_0 > {0 0 0};
T_6.14 ;
    %load/vec4 v0x55d18006ad70_0;
    %addi 1, 0, 32;
    %store/vec4 v0x55d18006ad70_0, 0, 32;
    %jmp T_6.2;
T_6.3 ;
T_6.0 ;
    %jmp T_6;
    .thread T_6;
    .scope S_0x55d180092d80;
T_7 ;
    %wait E_0x55d17ffae840;
    %vpi_call 4 4 "$display", "\012" {0 0 0};
    %vpi_call 4 5 "$display", "\012" {0 0 0};
    %vpi_func 4 6 "$time" 64 {0 0 0};
    %subi 10, 0, 64;
    %pushi/vec4 20, 0, 64;
    %div;
    %vpi_call 4 6 "$display", "\012Cycle : ", S<0,vec4,u64>, "  \012" {1 0 0};
    %vpi_call 4 7 "$display", "COMMITT STAGE : \012", " " {0 0 0};
    %load/vec4 v0x55d1800b2500_0;
    %pad/u 5;
    %ix/vec4 4;
    %load/vec4a v0x55d1800b5490, 4;
    %pushi/vec4 1, 0, 1;
    %cmp/e;
    %flag_get/vec4 4;
    %load/vec4 v0x55d1800b2500_0;
    %pad/u 5;
    %ix/vec4 4;
    %load/vec4a v0x55d1800b2440, 4;
    %pushi/vec4 0, 0, 1;
    %cmp/e;
    %flag_get/vec4 4;
    %and;
    %flag_set/vec4 8;
    %jmp/0xz  T_7.0, 8;
    %load/vec4 v0x55d1800b2500_0;
    %pad/u 5;
    %ix/vec4 4;
    %load/vec4a v0x55d1800b5150, 4;
    %vpi_call 4 10 "$display", "        Instruction : %h , Committed\012", S<0,vec4,u16> {1 0 0};
    %load/vec4 v0x55d1800b2500_0;
    %pad/u 5;
    %ix/vec4 5;
    %load/vec4a v0x55d1800b4fd0, 5;
    %pad/u 6;
    %ix/vec4 4;
    %load/vec4a v0x55d1800b30d0, 4;
    %load/vec4 v0x55d1800b2500_0;
    %cmp/e;
    %jmp/0xz  T_7.2, 4;
    %load/vec4 v0x55d1800b2500_0;
    %pad/u 5;
    %ix/vec4 4;
    %load/vec4a v0x55d1800b5090, 4;
    %load/vec4 v0x55d1800b2500_0;
    %pad/u 5;
    %ix/vec4 5;
    %load/vec4a v0x55d1800b4fd0, 5;
    %pad/u 6;
    %ix/vec4 4;
    %store/vec4a v0x55d1800b3010, 4, 0;
    %pushi/vec4 1, 0, 1;
    %load/vec4 v0x55d1800b2500_0;
    %pad/u 5;
    %ix/vec4 5;
    %load/vec4a v0x55d1800b4fd0, 5;
    %pad/u 6;
    %ix/vec4 4;
    %store/vec4a v0x55d1800b3190, 4, 0;
    %vpi_call 4 16 "$display", "         Register File" {0 0 0};
    %load/vec4 v0x55d1800b2500_0;
    %pad/u 5;
    %ix/vec4 4;
    %load/vec4a v0x55d1800b4fd0, 4;
    %load/vec4 v0x55d1800b2500_0;
    %pad/u 5;
    %ix/vec4 4;
    %load/vec4a v0x55d1800b5090, 4;
    %vpi_call 4 17 "$display", "         R[%h] : %h\012", S<1,vec4,u4>, S<0,vec4,u8> {2 0 0};
T_7.2 ;
    %pushi/vec4 1, 0, 1;
    %load/vec4 v0x55d1800b2500_0;
    %pad/u 5;
    %ix/vec4 4;
    %store/vec4a v0x55d1800b2440, 4, 0;
    %pushi/vec4 0, 0, 1;
    %load/vec4 v0x55d1800b2500_0;
    %pad/u 5;
    %ix/vec4 4;
    %store/vec4a v0x55d1800b5490, 4, 0;
    %load/vec4 v0x55d1800b2500_0;
    %addi 1, 0, 3;
    %store/vec4 v0x55d1800b2500_0, 0, 3;
    %load/vec4 v0x55d1800b5210_0;
    %subi 1, 0, 32;
    %store/vec4 v0x55d1800b5210_0, 0, 32;
    %vpi_call 4 24 "$display", "         ROB\012" {0 0 0};
    %vpi_call 4 25 "$display", "         1.Head : %h", v0x55d1800b2500_0 {0 0 0};
    %load/vec4 v0x55d1800b2500_0;
    %pad/u 5;
    %ix/vec4 4;
    %load/vec4a v0x55d1800b2440, 4;
    %vpi_call 4 26 "$display", "         2.Committed : %h", S<0,vec4,u1> {1 0 0};
    %vpi_call 4 27 "$display", "         3.Size : %h\012", v0x55d1800b5210_0 {0 0 0};
    %jmp T_7.1;
T_7.0 ;
    %load/vec4 v0x55d1800b5210_0;
    %cmpi/e 0, 0, 32;
    %jmp/0xz  T_7.4, 4;
    %vpi_call 4 34 "$display", "        Rob : Empty\012" {0 0 0};
    %jmp T_7.5;
T_7.4 ;
    %load/vec4 v0x55d1800b2500_0;
    %pad/u 5;
    %ix/vec4 4;
    %load/vec4a v0x55d1800b5150, 4;
    %vpi_call 4 36 "$display", "        Instruction : %h , Waiting for Values\012", S<0,vec4,u16> {1 0 0};
T_7.5 ;
T_7.1 ;
    %jmp T_7;
    .thread T_7;
    .scope S_0x55d180092a30;
T_8 ;
    %pushi/vec4 0, 0, 1;
    %store/vec4 v0x55d1800b2360_0, 0, 1;
    %pushi/vec4 0, 0, 4;
    %store/vec4 v0x55d1800b2f30_0, 0, 4;
    %pushi/vec4 0, 0, 1;
    %store/vec4 v0x55d1800b2cb0_0, 0, 1;
    %pushi/vec4 0, 0, 2;
    %store/vec4 v0x55d1800b2a10_0, 0, 2;
    %pushi/vec4 0, 0, 2;
    %store/vec4 v0x55d1800b2bd0_0, 0, 2;
    %pushi/vec4 0, 0, 32;
    %store/vec4 v0x55d1800b2af0_0, 0, 32;
    %pushi/vec4 0, 0, 3;
    %store/vec4 v0x55d1800b2500_0, 0, 3;
    %pushi/vec4 0, 0, 3;
    %store/vec4 v0x55d1800b53b0_0, 0, 3;
    %pushi/vec4 0, 0, 32;
    %store/vec4 v0x55d1800b5210_0, 0, 32;
    %pushi/vec4 0, 0, 32;
    %store/vec4 v0x55d1800b2d70_0, 0, 32;
T_8.0 ;
    %load/vec4 v0x55d1800b2d70_0;
    %cmpi/s 8, 0, 32;
    %jmp/0xz T_8.1, 5;
    %pushi/vec4 0, 0, 1;
    %ix/getv/s 4, v0x55d1800b2d70_0;
    %store/vec4a v0x55d1800b2440, 4, 0;
    %pushi/vec4 0, 0, 1;
    %ix/getv/s 4, v0x55d1800b2d70_0;
    %store/vec4a v0x55d1800b5490, 4, 0;
    %pushi/vec4 1, 0, 1;
    %load/vec4 v0x55d1800b2d70_0;
    %pad/s 65;
    %muli 2, 0, 65;
    %addi 1, 0, 65;
    %ix/vec4/s 4;
    %store/vec4a v0x55d1800b3190, 4, 0;
    %pushi/vec4 2, 0, 8;
    %load/vec4 v0x55d1800b2d70_0;
    %pad/s 65;
    %muli 2, 0, 65;
    %addi 1, 0, 65;
    %ix/vec4/s 4;
    %store/vec4a v0x55d1800b3010, 4, 0;
    %pushi/vec4 2, 0, 8;
    %load/vec4 v0x55d1800b2d70_0;
    %pad/s 64;
    %muli 2, 0, 64;
    %ix/vec4/s 4;
    %store/vec4a v0x55d1800b3010, 4, 0;
    %pushi/vec4 1, 0, 1;
    %load/vec4 v0x55d1800b2d70_0;
    %pad/s 64;
    %muli 2, 0, 64;
    %ix/vec4/s 4;
    %store/vec4a v0x55d1800b3190, 4, 0;
    %load/vec4 v0x55d1800b2d70_0;
    %addi 1, 0, 32;
    %store/vec4 v0x55d1800b2d70_0, 0, 32;
    %jmp T_8.0;
T_8.1 ;
    %pushi/vec4 0, 0, 32;
    %store/vec4 v0x55d1800b3750_0, 0, 32;
    %pushi/vec4 0, 0, 32;
    %store/vec4 v0x55d1800b46f0_0, 0, 32;
    %pushi/vec4 0, 0, 32;
    %store/vec4 v0x55d1800b2e50_0, 0, 32;
T_8.2 ;
    %load/vec4 v0x55d1800b2e50_0;
    %cmpi/s 4, 0, 32;
    %jmp/0xz T_8.3, 5;
    %pushi/vec4 1, 0, 1;
    %ix/getv/s 4, v0x55d1800b2e50_0;
    %store/vec4a v0x55d1800b3390, 4, 0;
    %pushi/vec4 1, 0, 1;
    %ix/getv/s 4, v0x55d1800b2e50_0;
    %store/vec4a v0x55d1800b4410, 4, 0;
    %pushi/vec4 0, 0, 1;
    %ix/getv/s 4, v0x55d1800b2e50_0;
    %store/vec4a v0x55d1800b3b10, 4, 0;
    %pushi/vec4 0, 0, 1;
    %ix/getv/s 4, v0x55d1800b2e50_0;
    %store/vec4a v0x55d1800b3d30, 4, 0;
    %pushi/vec4 0, 0, 1;
    %ix/getv/s 4, v0x55d1800b2e50_0;
    %store/vec4a v0x55d1800b4ab0, 4, 0;
    %pushi/vec4 0, 0, 1;
    %ix/getv/s 4, v0x55d1800b2e50_0;
    %store/vec4a v0x55d1800b4cd0, 4, 0;
    %pushi/vec4 0, 0, 1;
    %ix/getv/s 4, v0x55d1800b2e50_0;
    %store/vec4a v0x55d1800b38f0, 4, 0;
    %pushi/vec4 0, 0, 1;
    %ix/getv/s 4, v0x55d1800b2e50_0;
    %store/vec4a v0x55d1800b4890, 4, 0;
    %pushi/vec4 0, 0, 1;
    %ix/getv/s 4, v0x55d1800b2e50_0;
    %store/vec4a v0x55d1800b36b0, 4, 0;
    %pushi/vec4 0, 0, 1;
    %ix/getv/s 4, v0x55d1800b2e50_0;
    %store/vec4a v0x55d1800b4650, 4, 0;
    %load/vec4 v0x55d1800b2e50_0;
    %addi 1, 0, 32;
    %store/vec4 v0x55d1800b2e50_0, 0, 32;
    %jmp T_8.2;
T_8.3 ;
    %pushi/vec4 0, 0, 1;
    %ix/load 4, 0, 0;
    %flag_set/imm 4, 0;
    %store/vec4a v0x55d1800b32f0, 4, 0;
    %pushi/vec4 0, 0, 1;
    %ix/load 4, 1, 0;
    %flag_set/imm 4, 0;
    %store/vec4a v0x55d1800b32f0, 4, 0;
    %pushi/vec4 0, 0, 1;
    %store/vec4 v0x55d1800b4350_0, 0, 1;
    %pushi/vec4 0, 0, 1;
    %store/vec4 v0x55d1800b3eb0_0, 0, 1;
    %pushi/vec4 0, 0, 1;
    %store/vec4 v0x55d1800b4110_0, 0, 1;
    %pushi/vec4 0, 0, 1;
    %store/vec4 v0x55d1800b4e50_0, 0, 1;
    %pushi/vec4 0, 0, 1;
    %store/vec4 v0x55d1800b3f70_0, 0, 1;
    %pushi/vec4 0, 0, 1;
    %store/vec4 v0x55d1800b41d0_0, 0, 1;
    %pushi/vec4 0, 0, 1;
    %store/vec4 v0x55d1800b4f10_0, 0, 1;
    %vpi_call 2 168 "$readmemh", "instruction_memory.dat", v0x55d1800b2890 {0 0 0};
    %end;
    .thread T_8;
    .scope S_0x55d180092a30;
T_9 ;
    %delay 10, 0;
    %load/vec4 v0x55d1800b2360_0;
    %inv;
    %store/vec4 v0x55d1800b2360_0, 0, 1;
    %jmp T_9;
    .thread T_9;
    .scope S_0x55d180092a30;
T_10 ;
    %delay 400, 0;
    %vpi_call 2 174 "$finish" {0 0 0};
    %end;
    .thread T_10;
# The file index is used to find the file name in the following table.
:file_names 7;
    "N/A";
    "<interactive>";
    "run.v";
    "issue.v";
    "commit.v";
    "execute.v";
    "write_back.v";
